{"uid":"b2d80c742427953b","name":"test_forceful_restart_without_data_and_transaction_logs","fullName":"tests.integration.ha_tests.test_self_healing#test_forceful_restart_without_data_and_transaction_logs","historyId":"1ab295315f12ae381caee21d2bb9082a","time":{"start":1716343835700,"stop":1716343912764,"duration":77064},"description":"A forceful restart with deleted data and without transaction logs (forced clone).","descriptionHtml":"<p>A forceful restart with deleted data and without transaction logs (forced clone).</p>\n","status":"broken","statusMessage":"Exception: ('Expected command %s to succeed instead it failed: %s', 'ls -1 /var/snap/charmed-postgresql/common/var/lib/postgresql/pg_wal/', 1)","statusTrace":"Traceback (most recent call last):\n  File \"/home/ubuntu/github-runner/_work/test-runners-self-hosted-postgresql-operator/test-runners-self-hosted-postgresql-operator/.tox/integration/lib/python3.10/site-packages/_pytest/runner.py\", line 340, in from_call\n    result: Optional[TResult] = func()\n  File \"/home/ubuntu/github-runner/_work/test-runners-self-hosted-postgresql-operator/test-runners-self-hosted-postgresql-operator/.tox/integration/lib/python3.10/site-packages/_pytest/runner.py\", line 240, in <lambda>\n    lambda: runtest_hook(item=item, **kwds), when=when, reraise=reraise\n  File \"/home/ubuntu/github-runner/_work/test-runners-self-hosted-postgresql-operator/test-runners-self-hosted-postgresql-operator/.tox/integration/lib/python3.10/site-packages/pluggy/_hooks.py\", line 501, in __call__\n    return self._hookexec(self.name, self._hookimpls.copy(), kwargs, firstresult)\n  File \"/home/ubuntu/github-runner/_work/test-runners-self-hosted-postgresql-operator/test-runners-self-hosted-postgresql-operator/.tox/integration/lib/python3.10/site-packages/pluggy/_manager.py\", line 119, in _hookexec\n    return self._inner_hookexec(hook_name, methods, kwargs, firstresult)\n  File \"/home/ubuntu/github-runner/_work/test-runners-self-hosted-postgresql-operator/test-runners-self-hosted-postgresql-operator/.tox/integration/lib/python3.10/site-packages/pluggy/_callers.py\", line 181, in _multicall\n    return outcome.get_result()\n  File \"/home/ubuntu/github-runner/_work/test-runners-self-hosted-postgresql-operator/test-runners-self-hosted-postgresql-operator/.tox/integration/lib/python3.10/site-packages/pluggy/_result.py\", line 99, in get_result\n    raise exc.with_traceback(exc.__traceback__)\n  File \"/home/ubuntu/github-runner/_work/test-runners-self-hosted-postgresql-operator/test-runners-self-hosted-postgresql-operator/.tox/integration/lib/python3.10/site-packages/pluggy/_callers.py\", line 166, in _multicall\n    teardown.throw(outcome._exception)\n  File \"/home/ubuntu/github-runner/_work/test-runners-self-hosted-postgresql-operator/test-runners-self-hosted-postgresql-operator/.tox/integration/lib/python3.10/site-packages/_pytest/threadexception.py\", line 87, in pytest_runtest_call\n    yield from thread_exception_runtest_hook()\n  File \"/home/ubuntu/github-runner/_work/test-runners-self-hosted-postgresql-operator/test-runners-self-hosted-postgresql-operator/.tox/integration/lib/python3.10/site-packages/_pytest/threadexception.py\", line 63, in thread_exception_runtest_hook\n    yield\n  File \"/home/ubuntu/github-runner/_work/test-runners-self-hosted-postgresql-operator/test-runners-self-hosted-postgresql-operator/.tox/integration/lib/python3.10/site-packages/pluggy/_callers.py\", line 166, in _multicall\n    teardown.throw(outcome._exception)\n  File \"/home/ubuntu/github-runner/_work/test-runners-self-hosted-postgresql-operator/test-runners-self-hosted-postgresql-operator/.tox/integration/lib/python3.10/site-packages/_pytest/unraisableexception.py\", line 90, in pytest_runtest_call\n    yield from unraisable_exception_runtest_hook()\n  File \"/home/ubuntu/github-runner/_work/test-runners-self-hosted-postgresql-operator/test-runners-self-hosted-postgresql-operator/.tox/integration/lib/python3.10/site-packages/_pytest/unraisableexception.py\", line 65, in unraisable_exception_runtest_hook\n    yield\n  File \"/home/ubuntu/github-runner/_work/test-runners-self-hosted-postgresql-operator/test-runners-self-hosted-postgresql-operator/.tox/integration/lib/python3.10/site-packages/pluggy/_callers.py\", line 166, in _multicall\n    teardown.throw(outcome._exception)\n  File \"/home/ubuntu/github-runner/_work/test-runners-self-hosted-postgresql-operator/test-runners-self-hosted-postgresql-operator/.tox/integration/lib/python3.10/site-packages/_pytest/logging.py\", line 849, in pytest_runtest_call\n    yield from self._runtest_for(item, \"call\")\n  File \"/home/ubuntu/github-runner/_work/test-runners-self-hosted-postgresql-operator/test-runners-self-hosted-postgresql-operator/.tox/integration/lib/python3.10/site-packages/_pytest/logging.py\", line 832, in _runtest_for\n    yield\n  File \"/home/ubuntu/github-runner/_work/test-runners-self-hosted-postgresql-operator/test-runners-self-hosted-postgresql-operator/.tox/integration/lib/python3.10/site-packages/pluggy/_callers.py\", line 166, in _multicall\n    teardown.throw(outcome._exception)\n  File \"/home/ubuntu/github-runner/_work/test-runners-self-hosted-postgresql-operator/test-runners-self-hosted-postgresql-operator/.tox/integration/lib/python3.10/site-packages/_pytest/capture.py\", line 883, in pytest_runtest_call\n    return (yield)\n  File \"/home/ubuntu/github-runner/_work/test-runners-self-hosted-postgresql-operator/test-runners-self-hosted-postgresql-operator/.tox/integration/lib/python3.10/site-packages/pluggy/_callers.py\", line 166, in _multicall\n    teardown.throw(outcome._exception)\n  File \"/home/ubuntu/github-runner/_work/test-runners-self-hosted-postgresql-operator/test-runners-self-hosted-postgresql-operator/.tox/integration/lib/python3.10/site-packages/_pytest/skipping.py\", line 256, in pytest_runtest_call\n    return (yield)\n  File \"/home/ubuntu/github-runner/_work/test-runners-self-hosted-postgresql-operator/test-runners-self-hosted-postgresql-operator/.tox/integration/lib/python3.10/site-packages/pluggy/_callers.py\", line 102, in _multicall\n    res = hook_impl.function(*args)\n  File \"/home/ubuntu/github-runner/_work/test-runners-self-hosted-postgresql-operator/test-runners-self-hosted-postgresql-operator/.tox/integration/lib/python3.10/site-packages/_pytest/runner.py\", line 182, in pytest_runtest_call\n    raise e\n  File \"/home/ubuntu/github-runner/_work/test-runners-self-hosted-postgresql-operator/test-runners-self-hosted-postgresql-operator/.tox/integration/lib/python3.10/site-packages/_pytest/runner.py\", line 172, in pytest_runtest_call\n    item.runtest()\n  File \"/home/ubuntu/github-runner/_work/test-runners-self-hosted-postgresql-operator/test-runners-self-hosted-postgresql-operator/.tox/integration/lib/python3.10/site-packages/_pytest/python.py\", line 1772, in runtest\n    self.ihook.pytest_pyfunc_call(pyfuncitem=self)\n  File \"/home/ubuntu/github-runner/_work/test-runners-self-hosted-postgresql-operator/test-runners-self-hosted-postgresql-operator/.tox/integration/lib/python3.10/site-packages/pluggy/_hooks.py\", line 501, in __call__\n    return self._hookexec(self.name, self._hookimpls.copy(), kwargs, firstresult)\n  File \"/home/ubuntu/github-runner/_work/test-runners-self-hosted-postgresql-operator/test-runners-self-hosted-postgresql-operator/.tox/integration/lib/python3.10/site-packages/pluggy/_manager.py\", line 119, in _hookexec\n    return self._inner_hookexec(hook_name, methods, kwargs, firstresult)\n  File \"/home/ubuntu/github-runner/_work/test-runners-self-hosted-postgresql-operator/test-runners-self-hosted-postgresql-operator/.tox/integration/lib/python3.10/site-packages/pluggy/_callers.py\", line 181, in _multicall\n    return outcome.get_result()\n  File \"/home/ubuntu/github-runner/_work/test-runners-self-hosted-postgresql-operator/test-runners-self-hosted-postgresql-operator/.tox/integration/lib/python3.10/site-packages/pluggy/_result.py\", line 99, in get_result\n    raise exc.with_traceback(exc.__traceback__)\n  File \"/home/ubuntu/github-runner/_work/test-runners-self-hosted-postgresql-operator/test-runners-self-hosted-postgresql-operator/.tox/integration/lib/python3.10/site-packages/pluggy/_callers.py\", line 102, in _multicall\n    res = hook_impl.function(*args)\n  File \"/home/ubuntu/github-runner/_work/test-runners-self-hosted-postgresql-operator/test-runners-self-hosted-postgresql-operator/.tox/integration/lib/python3.10/site-packages/_pytest/python.py\", line 195, in pytest_pyfunc_call\n    result = testfunction(**testargs)\n  File \"/home/ubuntu/github-runner/_work/test-runners-self-hosted-postgresql-operator/test-runners-self-hosted-postgresql-operator/.tox/integration/lib/python3.10/site-packages/pytest_asyncio/plugin.py\", line 532, in inner\n    _loop.run_until_complete(task)\n  File \"/usr/lib/python3.10/asyncio/base_events.py\", line 649, in run_until_complete\n    return future.result()\n  File \"/home/ubuntu/github-runner/_work/test-runners-self-hosted-postgresql-operator/test-runners-self-hosted-postgresql-operator/tests/integration/ha_tests/test_self_healing.py\", line 356, in test_forceful_restart_without_data_and_transaction_logs\n    files = await list_wal_files(ops_test, app)\n  File \"/home/ubuntu/github-runner/_work/test-runners-self-hosted-postgresql-operator/test-runners-self-hosted-postgresql-operator/tests/integration/ha_tests/helpers.py\", line 556, in list_wal_files\n    stdout = await run_command_on_unit(ops_test, unit, command)\n  File \"/home/ubuntu/github-runner/_work/test-runners-self-hosted-postgresql-operator/test-runners-self-hosted-postgresql-operator/tests/integration/helpers.py\", line 864, in run_command_on_unit\n    raise Exception(\nException: ('Expected command %s to succeed instead it failed: %s', 'ls -1 /var/snap/charmed-postgresql/common/var/lib/postgresql/pg_wal/', 1)","flaky":false,"newFailed":false,"newBroken":false,"newPassed":false,"retriesCount":0,"retriesStatusChange":false,"beforeStages":[{"name":"event_loop","time":{"start":1716341267792,"stop":1716341267793,"duration":1},"status":"passed","steps":[],"attachments":[],"parameters":[],"stepsCount":0,"shouldDisplayMessage":false,"attachmentsCount":0,"hasContent":false,"attachmentStep":false},{"name":"tmp_path_factory","time":{"start":1716341267793,"stop":1716341267793,"duration":0},"status":"passed","steps":[],"attachments":[],"parameters":[],"stepsCount":0,"shouldDisplayMessage":false,"attachmentsCount":0,"hasContent":false,"attachmentStep":false},{"name":"ops_test","time":{"start":1716341267793,"stop":1716341268112,"duration":319},"status":"passed","steps":[],"attachments":[],"parameters":[],"stepsCount":0,"shouldDisplayMessage":false,"attachmentsCount":0,"hasContent":false,"attachmentStep":false},{"name":"primary_start_timeout","time":{"start":1716342658084,"stop":1716342662274,"duration":4190},"status":"passed","steps":[],"attachments":[],"parameters":[],"stepsCount":0,"shouldDisplayMessage":false,"attachmentsCount":0,"hasContent":false,"attachmentStep":false},{"name":"abort_on_fail","time":{"start":1716343829376,"stop":1716343829377,"duration":1},"status":"passed","steps":[],"attachments":[],"parameters":[],"stepsCount":0,"shouldDisplayMessage":false,"attachmentsCount":0,"hasContent":false,"attachmentStep":false},{"name":"continuous_writes","time":{"start":1716343829377,"stop":1716343829377,"duration":0},"status":"passed","steps":[],"attachments":[],"parameters":[],"stepsCount":0,"shouldDisplayMessage":false,"attachmentsCount":0,"hasContent":false,"attachmentStep":false},{"name":"wal_settings","time":{"start":1716343829377,"stop":1716343835698,"duration":6321},"status":"passed","steps":[],"attachments":[],"parameters":[],"stepsCount":0,"shouldDisplayMessage":false,"attachmentsCount":0,"hasContent":false,"attachmentStep":false}],"afterStages":[{"name":"wal_settings::finalizer","time":{"start":1716343912780,"stop":1716343931728,"duration":18948},"status":"passed","steps":[],"attachments":[],"parameters":[],"stepsCount":0,"shouldDisplayMessage":false,"attachmentsCount":0,"hasContent":false,"attachmentStep":false},{"name":"continuous_writes::finalizer","time":{"start":1716343931731,"stop":1716343937837,"duration":6106},"status":"passed","steps":[],"attachments":[],"parameters":[],"stepsCount":0,"shouldDisplayMessage":false,"attachmentsCount":0,"hasContent":false,"attachmentStep":false},{"name":"abort_on_fail::0","time":{"start":1716343937839,"stop":1716343937840,"duration":1},"status":"passed","steps":[],"attachments":[],"parameters":[],"stepsCount":0,"shouldDisplayMessage":false,"attachmentsCount":0,"hasContent":false,"attachmentStep":false},{"name":"primary_start_timeout::finalizer","time":{"start":1716344829475,"stop":1716344845701,"duration":16226},"status":"passed","steps":[],"attachments":[],"parameters":[],"stepsCount":0,"shouldDisplayMessage":false,"attachmentsCount":0,"hasContent":false,"attachmentStep":false},{"name":"ops_test::finalizer","time":{"start":1716344845707,"stop":1716344846736,"duration":1029},"status":"passed","steps":[],"attachments":[],"parameters":[],"stepsCount":0,"shouldDisplayMessage":false,"attachmentsCount":0,"hasContent":false,"attachmentStep":false},{"name":"event_loop::2","time":{"start":1716344846740,"stop":1716344846741,"duration":1},"status":"passed","steps":[],"attachments":[],"parameters":[],"stepsCount":0,"shouldDisplayMessage":false,"attachmentsCount":0,"hasContent":false,"attachmentStep":false},{"name":"event_loop::_close_event_loop","time":{"start":1716344846742,"stop":1716344846742,"duration":0},"status":"passed","steps":[],"attachments":[],"parameters":[],"stepsCount":0,"shouldDisplayMessage":false,"attachmentsCount":0,"hasContent":false,"attachmentStep":false},{"name":"event_loop::_provide_clean_event_loop","time":{"start":1716344846742,"stop":1716344846746,"duration":4},"status":"passed","steps":[],"attachments":[],"parameters":[],"stepsCount":0,"shouldDisplayMessage":false,"attachmentsCount":0,"hasContent":false,"attachmentStep":false}],"labels":[{"name":"tag","value":"unstable"},{"name":"tag","value":"group(1)"},{"name":"tag","value":"asyncio"},{"name":"parentSuite","value":"tests.integration.ha_tests"},{"name":"suite","value":"test_self_healing"},{"name":"host","value":"large-541-ebace7f25e29f2e2a61fffb4"},{"name":"thread","value":"9621-MainThread"},{"name":"framework","value":"pytest"},{"name":"language","value":"cpython3"},{"name":"package","value":"tests.integration.ha_tests.test_self_healing"},{"name":"resultFormat","value":"allure2"}],"parameters":[],"links":[],"hidden":false,"retry":false,"extra":{"severity":"normal","retries":[],"categories":[{"name":"Test defects","matchedStatuses":[],"flaky":false}],"history":{"statistic":{"failed":0,"broken":6,"skipped":0,"passed":1,"unknown":0,"total":7},"items":[{"uid":"f362567aae67efbb","reportUrl":"../49//#testresult/f362567aae67efbb","status":"broken","statusDetails":"Exception: ('Expected command %s to succeed instead it failed: %s', 'ls -1 /var/snap/charmed-postgresql/common/var/lib/postgresql/pg_wal/', 1)","time":{"start":1716257692086,"stop":1716257771250,"duration":79164}},{"uid":"f04009e0477857e6","reportUrl":"../48//#testresult/f04009e0477857e6","status":"broken","statusDetails":"Exception: ('Expected command %s to succeed instead it failed: %s', 'ls -1 /var/snap/charmed-postgresql/common/var/lib/postgresql/pg_wal/', 1)","time":{"start":1716171386530,"stop":1716171467240,"duration":80710}},{"uid":"e8f3353f662ea60f","reportUrl":"../47//#testresult/e8f3353f662ea60f","status":"passed","time":{"start":1716084170222,"stop":1716084356661,"duration":186439}},{"uid":"786b364ec5fb0401","reportUrl":"../46//#testresult/786b364ec5fb0401","status":"broken","statusDetails":"Exception: ('Expected command %s to succeed instead it failed: %s', 'ls -1 /var/snap/charmed-postgresql/common/var/lib/postgresql/pg_wal/', 1)","time":{"start":1715998809117,"stop":1715998883357,"duration":74240}},{"uid":"2e090687ec7f8bb2","reportUrl":"../45//#testresult/2e090687ec7f8bb2","status":"broken","statusDetails":"Exception: ('Expected command %s to succeed instead it failed: %s', 'ls -1 /var/snap/charmed-postgresql/common/var/lib/postgresql/pg_wal/', 1)","time":{"start":1715911472470,"stop":1715911555729,"duration":83259}},{"uid":"f0229cb943ec489b","reportUrl":"../44//#testresult/f0229cb943ec489b","status":"broken","statusDetails":"Exception: ('Expected command %s to succeed instead it failed: %s', 'ls -1 /var/snap/charmed-postgresql/common/var/lib/postgresql/pg_wal/', 1)","time":{"start":1715824923728,"stop":1715825003722,"duration":79994}}]},"tags":["unstable","asyncio","group(1)"]},"source":"b2d80c742427953b.json","parameterValues":[]}