{"uid":"404ca1c27caa55a2","name":"test_forceful_restart_without_data_and_transaction_logs","fullName":"tests.integration.ha_tests.test_self_healing#test_forceful_restart_without_data_and_transaction_logs","historyId":"1ab295315f12ae381caee21d2bb9082a","time":{"start":1715134007077,"stop":1715134086593,"duration":79516},"description":"A forceful restart with deleted data and without transaction logs (forced clone).","descriptionHtml":"<p>A forceful restart with deleted data and without transaction logs (forced clone).</p>\n","status":"broken","statusMessage":"Exception: ('Expected command %s to succeed instead it failed: %s', 'ls -1 /var/snap/charmed-postgresql/common/var/lib/postgresql/pg_wal/', 1)","statusTrace":"Traceback (most recent call last):\n  File \"/home/ubuntu/github-runner/_work/test-runners-self-hosted-postgresql-operator/test-runners-self-hosted-postgresql-operator/.tox/integration/lib/python3.10/site-packages/_pytest/runner.py\", line 340, in from_call\n    result: Optional[TResult] = func()\n  File \"/home/ubuntu/github-runner/_work/test-runners-self-hosted-postgresql-operator/test-runners-self-hosted-postgresql-operator/.tox/integration/lib/python3.10/site-packages/_pytest/runner.py\", line 240, in <lambda>\n    lambda: runtest_hook(item=item, **kwds), when=when, reraise=reraise\n  File \"/home/ubuntu/github-runner/_work/test-runners-self-hosted-postgresql-operator/test-runners-self-hosted-postgresql-operator/.tox/integration/lib/python3.10/site-packages/pluggy/_hooks.py\", line 501, in __call__\n    return self._hookexec(self.name, self._hookimpls.copy(), kwargs, firstresult)\n  File \"/home/ubuntu/github-runner/_work/test-runners-self-hosted-postgresql-operator/test-runners-self-hosted-postgresql-operator/.tox/integration/lib/python3.10/site-packages/pluggy/_manager.py\", line 119, in _hookexec\n    return self._inner_hookexec(hook_name, methods, kwargs, firstresult)\n  File \"/home/ubuntu/github-runner/_work/test-runners-self-hosted-postgresql-operator/test-runners-self-hosted-postgresql-operator/.tox/integration/lib/python3.10/site-packages/pluggy/_callers.py\", line 181, in _multicall\n    return outcome.get_result()\n  File \"/home/ubuntu/github-runner/_work/test-runners-self-hosted-postgresql-operator/test-runners-self-hosted-postgresql-operator/.tox/integration/lib/python3.10/site-packages/pluggy/_result.py\", line 99, in get_result\n    raise exc.with_traceback(exc.__traceback__)\n  File \"/home/ubuntu/github-runner/_work/test-runners-self-hosted-postgresql-operator/test-runners-self-hosted-postgresql-operator/.tox/integration/lib/python3.10/site-packages/pluggy/_callers.py\", line 166, in _multicall\n    teardown.throw(outcome._exception)\n  File \"/home/ubuntu/github-runner/_work/test-runners-self-hosted-postgresql-operator/test-runners-self-hosted-postgresql-operator/.tox/integration/lib/python3.10/site-packages/_pytest/threadexception.py\", line 87, in pytest_runtest_call\n    yield from thread_exception_runtest_hook()\n  File \"/home/ubuntu/github-runner/_work/test-runners-self-hosted-postgresql-operator/test-runners-self-hosted-postgresql-operator/.tox/integration/lib/python3.10/site-packages/_pytest/threadexception.py\", line 63, in thread_exception_runtest_hook\n    yield\n  File \"/home/ubuntu/github-runner/_work/test-runners-self-hosted-postgresql-operator/test-runners-self-hosted-postgresql-operator/.tox/integration/lib/python3.10/site-packages/pluggy/_callers.py\", line 166, in _multicall\n    teardown.throw(outcome._exception)\n  File \"/home/ubuntu/github-runner/_work/test-runners-self-hosted-postgresql-operator/test-runners-self-hosted-postgresql-operator/.tox/integration/lib/python3.10/site-packages/_pytest/unraisableexception.py\", line 90, in pytest_runtest_call\n    yield from unraisable_exception_runtest_hook()\n  File \"/home/ubuntu/github-runner/_work/test-runners-self-hosted-postgresql-operator/test-runners-self-hosted-postgresql-operator/.tox/integration/lib/python3.10/site-packages/_pytest/unraisableexception.py\", line 65, in unraisable_exception_runtest_hook\n    yield\n  File \"/home/ubuntu/github-runner/_work/test-runners-self-hosted-postgresql-operator/test-runners-self-hosted-postgresql-operator/.tox/integration/lib/python3.10/site-packages/pluggy/_callers.py\", line 166, in _multicall\n    teardown.throw(outcome._exception)\n  File \"/home/ubuntu/github-runner/_work/test-runners-self-hosted-postgresql-operator/test-runners-self-hosted-postgresql-operator/.tox/integration/lib/python3.10/site-packages/_pytest/logging.py\", line 849, in pytest_runtest_call\n    yield from self._runtest_for(item, \"call\")\n  File \"/home/ubuntu/github-runner/_work/test-runners-self-hosted-postgresql-operator/test-runners-self-hosted-postgresql-operator/.tox/integration/lib/python3.10/site-packages/_pytest/logging.py\", line 832, in _runtest_for\n    yield\n  File \"/home/ubuntu/github-runner/_work/test-runners-self-hosted-postgresql-operator/test-runners-self-hosted-postgresql-operator/.tox/integration/lib/python3.10/site-packages/pluggy/_callers.py\", line 166, in _multicall\n    teardown.throw(outcome._exception)\n  File \"/home/ubuntu/github-runner/_work/test-runners-self-hosted-postgresql-operator/test-runners-self-hosted-postgresql-operator/.tox/integration/lib/python3.10/site-packages/_pytest/capture.py\", line 883, in pytest_runtest_call\n    return (yield)\n  File \"/home/ubuntu/github-runner/_work/test-runners-self-hosted-postgresql-operator/test-runners-self-hosted-postgresql-operator/.tox/integration/lib/python3.10/site-packages/pluggy/_callers.py\", line 166, in _multicall\n    teardown.throw(outcome._exception)\n  File \"/home/ubuntu/github-runner/_work/test-runners-self-hosted-postgresql-operator/test-runners-self-hosted-postgresql-operator/.tox/integration/lib/python3.10/site-packages/_pytest/skipping.py\", line 256, in pytest_runtest_call\n    return (yield)\n  File \"/home/ubuntu/github-runner/_work/test-runners-self-hosted-postgresql-operator/test-runners-self-hosted-postgresql-operator/.tox/integration/lib/python3.10/site-packages/pluggy/_callers.py\", line 102, in _multicall\n    res = hook_impl.function(*args)\n  File \"/home/ubuntu/github-runner/_work/test-runners-self-hosted-postgresql-operator/test-runners-self-hosted-postgresql-operator/.tox/integration/lib/python3.10/site-packages/_pytest/runner.py\", line 182, in pytest_runtest_call\n    raise e\n  File \"/home/ubuntu/github-runner/_work/test-runners-self-hosted-postgresql-operator/test-runners-self-hosted-postgresql-operator/.tox/integration/lib/python3.10/site-packages/_pytest/runner.py\", line 172, in pytest_runtest_call\n    item.runtest()\n  File \"/home/ubuntu/github-runner/_work/test-runners-self-hosted-postgresql-operator/test-runners-self-hosted-postgresql-operator/.tox/integration/lib/python3.10/site-packages/_pytest/python.py\", line 1772, in runtest\n    self.ihook.pytest_pyfunc_call(pyfuncitem=self)\n  File \"/home/ubuntu/github-runner/_work/test-runners-self-hosted-postgresql-operator/test-runners-self-hosted-postgresql-operator/.tox/integration/lib/python3.10/site-packages/pluggy/_hooks.py\", line 501, in __call__\n    return self._hookexec(self.name, self._hookimpls.copy(), kwargs, firstresult)\n  File \"/home/ubuntu/github-runner/_work/test-runners-self-hosted-postgresql-operator/test-runners-self-hosted-postgresql-operator/.tox/integration/lib/python3.10/site-packages/pluggy/_manager.py\", line 119, in _hookexec\n    return self._inner_hookexec(hook_name, methods, kwargs, firstresult)\n  File \"/home/ubuntu/github-runner/_work/test-runners-self-hosted-postgresql-operator/test-runners-self-hosted-postgresql-operator/.tox/integration/lib/python3.10/site-packages/pluggy/_callers.py\", line 181, in _multicall\n    return outcome.get_result()\n  File \"/home/ubuntu/github-runner/_work/test-runners-self-hosted-postgresql-operator/test-runners-self-hosted-postgresql-operator/.tox/integration/lib/python3.10/site-packages/pluggy/_result.py\", line 99, in get_result\n    raise exc.with_traceback(exc.__traceback__)\n  File \"/home/ubuntu/github-runner/_work/test-runners-self-hosted-postgresql-operator/test-runners-self-hosted-postgresql-operator/.tox/integration/lib/python3.10/site-packages/pluggy/_callers.py\", line 102, in _multicall\n    res = hook_impl.function(*args)\n  File \"/home/ubuntu/github-runner/_work/test-runners-self-hosted-postgresql-operator/test-runners-self-hosted-postgresql-operator/.tox/integration/lib/python3.10/site-packages/_pytest/python.py\", line 195, in pytest_pyfunc_call\n    result = testfunction(**testargs)\n  File \"/home/ubuntu/github-runner/_work/test-runners-self-hosted-postgresql-operator/test-runners-self-hosted-postgresql-operator/.tox/integration/lib/python3.10/site-packages/pytest_asyncio/plugin.py\", line 532, in inner\n    _loop.run_until_complete(task)\n  File \"/usr/lib/python3.10/asyncio/base_events.py\", line 649, in run_until_complete\n    return future.result()\n  File \"/home/ubuntu/github-runner/_work/test-runners-self-hosted-postgresql-operator/test-runners-self-hosted-postgresql-operator/tests/integration/ha_tests/test_self_healing.py\", line 356, in test_forceful_restart_without_data_and_transaction_logs\n    files = await list_wal_files(ops_test, app)\n  File \"/home/ubuntu/github-runner/_work/test-runners-self-hosted-postgresql-operator/test-runners-self-hosted-postgresql-operator/tests/integration/ha_tests/helpers.py\", line 556, in list_wal_files\n    stdout = await run_command_on_unit(ops_test, unit, command)\n  File \"/home/ubuntu/github-runner/_work/test-runners-self-hosted-postgresql-operator/test-runners-self-hosted-postgresql-operator/tests/integration/helpers.py\", line 864, in run_command_on_unit\n    raise Exception(\nException: ('Expected command %s to succeed instead it failed: %s', 'ls -1 /var/snap/charmed-postgresql/common/var/lib/postgresql/pg_wal/', 1)","flaky":false,"newFailed":false,"newBroken":false,"newPassed":false,"retriesCount":0,"retriesStatusChange":false,"beforeStages":[{"name":"tmp_path_factory","time":{"start":1715131887703,"stop":1715131887703,"duration":0},"status":"passed","steps":[],"attachments":[],"parameters":[],"stepsCount":0,"shouldDisplayMessage":false,"attachmentsCount":0,"hasContent":false,"attachmentStep":false},{"name":"event_loop","time":{"start":1715131887703,"stop":1715131887703,"duration":0},"status":"passed","steps":[],"attachments":[],"parameters":[],"stepsCount":0,"shouldDisplayMessage":false,"attachmentsCount":0,"hasContent":false,"attachmentStep":false},{"name":"ops_test","time":{"start":1715131887704,"stop":1715131888051,"duration":347},"status":"passed","steps":[],"attachments":[],"parameters":[],"stepsCount":0,"shouldDisplayMessage":false,"attachmentsCount":0,"hasContent":false,"attachmentStep":false},{"name":"primary_start_timeout","time":{"start":1715133259442,"stop":1715133263643,"duration":4201},"status":"passed","steps":[],"attachments":[],"parameters":[],"stepsCount":0,"shouldDisplayMessage":false,"attachmentsCount":0,"hasContent":false,"attachmentStep":false},{"name":"abort_on_fail","time":{"start":1715134000743,"stop":1715134000744,"duration":1},"status":"passed","steps":[],"attachments":[],"parameters":[],"stepsCount":0,"shouldDisplayMessage":false,"attachmentsCount":0,"hasContent":false,"attachmentStep":false},{"name":"wal_settings","time":{"start":1715134000744,"stop":1715134007075,"duration":6331},"status":"passed","steps":[],"attachments":[],"parameters":[],"stepsCount":0,"shouldDisplayMessage":false,"attachmentsCount":0,"hasContent":false,"attachmentStep":false},{"name":"continuous_writes","time":{"start":1715134000744,"stop":1715134000744,"duration":0},"status":"passed","steps":[],"attachments":[],"parameters":[],"stepsCount":0,"shouldDisplayMessage":false,"attachmentsCount":0,"hasContent":false,"attachmentStep":false}],"afterStages":[{"name":"wal_settings::finalizer","time":{"start":1715134086622,"stop":1715134109608,"duration":22986},"status":"passed","steps":[],"attachments":[],"parameters":[],"stepsCount":0,"shouldDisplayMessage":false,"attachmentsCount":0,"hasContent":false,"attachmentStep":false},{"name":"continuous_writes::finalizer","time":{"start":1715134109612,"stop":1715134115698,"duration":6086},"status":"passed","steps":[],"attachments":[],"parameters":[],"stepsCount":0,"shouldDisplayMessage":false,"attachmentsCount":0,"hasContent":false,"attachmentStep":false},{"name":"abort_on_fail::0","time":{"start":1715134115699,"stop":1715134115700,"duration":1},"status":"passed","steps":[],"attachments":[],"parameters":[],"stepsCount":0,"shouldDisplayMessage":false,"attachmentsCount":0,"hasContent":false,"attachmentStep":false},{"name":"primary_start_timeout::finalizer","time":{"start":1715134978400,"stop":1715135112958,"duration":134558},"status":"broken","statusMessage":"tenacity.RetryError: RetryError[<Future at 0x7c0479303040 state=finished raised ConnectTimeout>]\n","statusTrace":"  File \"/home/ubuntu/github-runner/_work/test-runners-self-hosted-postgresql-operator/test-runners-self-hosted-postgresql-operator/.tox/integration/lib/python3.10/site-packages/allure_commons/_allure.py\", line 221, in __call__\n    return self._fixture_function(*args, **kwargs)\n  File \"/home/ubuntu/github-runner/_work/test-runners-self-hosted-postgresql-operator/test-runners-self-hosted-postgresql-operator/.tox/integration/lib/python3.10/site-packages/pytest_asyncio/plugin.py\", line 302, in finalizer\n    event_loop.run_until_complete(async_finalizer())\n  File \"/usr/lib/python3.10/asyncio/base_events.py\", line 649, in run_until_complete\n    return future.result()\n  File \"/home/ubuntu/github-runner/_work/test-runners-self-hosted-postgresql-operator/test-runners-self-hosted-postgresql-operator/.tox/integration/lib/python3.10/site-packages/pytest_asyncio/plugin.py\", line 294, in async_finalizer\n    await gen_obj.__anext__()\n  File \"/home/ubuntu/github-runner/_work/test-runners-self-hosted-postgresql-operator/test-runners-self-hosted-postgresql-operator/tests/integration/ha_tests/conftest.py\", line 58, in primary_start_timeout\n    await change_patroni_setting(\n  File \"/home/ubuntu/github-runner/_work/test-runners-self-hosted-postgresql-operator/test-runners-self-hosted-postgresql-operator/tests/integration/ha_tests/helpers.py\", line 130, in change_patroni_setting\n    for attempt in Retrying(stop=stop_after_delay(30 * 2), wait=wait_fixed(3)):\n  File \"/home/ubuntu/github-runner/_work/test-runners-self-hosted-postgresql-operator/test-runners-self-hosted-postgresql-operator/.tox/integration/lib/python3.10/site-packages/tenacity/__init__.py\", line 347, in __iter__\n    do = self.iter(retry_state=retry_state)\n  File \"/home/ubuntu/github-runner/_work/test-runners-self-hosted-postgresql-operator/test-runners-self-hosted-postgresql-operator/.tox/integration/lib/python3.10/site-packages/tenacity/__init__.py\", line 326, in iter\n    raise retry_exc from fut.exception()\n","steps":[],"attachments":[],"parameters":[],"stepsCount":0,"shouldDisplayMessage":true,"attachmentsCount":0,"hasContent":true,"attachmentStep":false},{"name":"ops_test::finalizer","time":{"start":1715135112969,"stop":1715135113928,"duration":959},"status":"passed","steps":[],"attachments":[],"parameters":[],"stepsCount":0,"shouldDisplayMessage":false,"attachmentsCount":0,"hasContent":false,"attachmentStep":false},{"name":"event_loop::2","time":{"start":1715135113934,"stop":1715135113938,"duration":4},"status":"passed","steps":[],"attachments":[],"parameters":[],"stepsCount":0,"shouldDisplayMessage":false,"attachmentsCount":0,"hasContent":false,"attachmentStep":false},{"name":"event_loop::_close_event_loop","time":{"start":1715135113938,"stop":1715135113938,"duration":0},"status":"passed","steps":[],"attachments":[],"parameters":[],"stepsCount":0,"shouldDisplayMessage":false,"attachmentsCount":0,"hasContent":false,"attachmentStep":false},{"name":"event_loop::_provide_clean_event_loop","time":{"start":1715135113939,"stop":1715135113941,"duration":2},"status":"passed","steps":[],"attachments":[],"parameters":[],"stepsCount":0,"shouldDisplayMessage":false,"attachmentsCount":0,"hasContent":false,"attachmentStep":false}],"labels":[{"name":"tag","value":"unstable"},{"name":"tag","value":"group(1)"},{"name":"tag","value":"asyncio"},{"name":"parentSuite","value":"tests.integration.ha_tests"},{"name":"suite","value":"test_self_healing"},{"name":"host","value":"large-529-d63bf39e9670c47ea0e9dfea"},{"name":"thread","value":"9098-MainThread"},{"name":"framework","value":"pytest"},{"name":"language","value":"cpython3"},{"name":"package","value":"tests.integration.ha_tests.test_self_healing"},{"name":"resultFormat","value":"allure2"}],"parameters":[],"links":[],"hidden":false,"retry":false,"extra":{"severity":"normal","retries":[],"categories":[{"name":"Test defects","matchedStatuses":[],"flaky":false}],"history":{"statistic":{"failed":1,"broken":15,"skipped":0,"passed":9,"unknown":0,"total":25},"items":[{"uid":"87686512ff5178ad","reportUrl":"../34//#testresult/87686512ff5178ad","status":"broken","statusDetails":"tenacity.RetryError: RetryError[<Future at 0x7dbe0511b700 state=finished raised RetryError>]","time":{"start":1715049026271,"stop":1715049026271,"duration":0}},{"uid":"a8665e63a43158b9","reportUrl":"../31//#testresult/a8665e63a43158b9","status":"broken","statusDetails":"Exception: ('Expected command %s to succeed instead it failed: %s', 'ls -1 /var/snap/charmed-postgresql/common/var/lib/postgresql/pg_wal/', 1)","time":{"start":1714962423950,"stop":1714962436818,"duration":12868}},{"uid":"bdddc0d989cf2a69","reportUrl":"../30//#testresult/bdddc0d989cf2a69","status":"passed","time":{"start":1714874440576,"stop":1714874613494,"duration":172918}},{"uid":"8fc9fbee6987ad11","reportUrl":"../29//#testresult/8fc9fbee6987ad11","status":"broken","statusDetails":"Exception: ('Expected command %s to succeed instead it failed: %s', 'ls -1 /var/snap/charmed-postgresql/common/var/lib/postgresql/pg_wal/', 1)","time":{"start":1714788246433,"stop":1714788325604,"duration":79171}},{"uid":"2cc9f3ebb453653c","reportUrl":"../27//#testresult/2cc9f3ebb453653c","status":"passed","time":{"start":1714701539489,"stop":1714701646102,"duration":106613}},{"uid":"13e30597ac3c05d","reportUrl":"../26//#testresult/13e30597ac3c05d","status":"passed","time":{"start":1714615470631,"stop":1714615627684,"duration":157053}},{"uid":"ec2f507f8ed21cbc","reportUrl":"../25//#testresult/ec2f507f8ed21cbc","status":"broken","statusDetails":"Exception: ('Expected command %s to succeed instead it failed: %s', 'ls -1 /var/snap/charmed-postgresql/common/var/lib/postgresql/pg_wal/', 1)","time":{"start":1714528897903,"stop":1714528979498,"duration":81595}},{"uid":"99ca7bc46c0ac331","reportUrl":"../24//#testresult/99ca7bc46c0ac331","status":"broken","statusDetails":"Exception: ('Expected command %s to succeed instead it failed: %s', 'ls -1 /var/snap/charmed-postgresql/common/var/lib/postgresql/pg_wal/', 1)","time":{"start":1714442441601,"stop":1714442520272,"duration":78671}},{"uid":"6b81185d7e1a87d2","reportUrl":"../23//#testresult/6b81185d7e1a87d2","status":"broken","statusDetails":"Exception: ('Expected command %s to succeed instead it failed: %s', 'ls -1 /var/snap/charmed-postgresql/common/var/lib/postgresql/pg_wal/', 1)","time":{"start":1714356038131,"stop":1714356118378,"duration":80247}},{"uid":"479f3040010fedad","reportUrl":"../22//#testresult/479f3040010fedad","status":"passed","time":{"start":1714270010671,"stop":1714270181617,"duration":170946}},{"uid":"990500fcc24881c5","reportUrl":"../20//#testresult/990500fcc24881c5","status":"broken","statusDetails":"tenacity.RetryError: RetryError[<Future at 0x7c555be0a770 state=finished raised RetryError>]","time":{"start":1714185258454,"stop":1714185258454,"duration":0}},{"uid":"f4bb6e2b7081ca49","reportUrl":"../19//#testresult/f4bb6e2b7081ca49","status":"broken","statusDetails":"Exception: ('Expected command %s to succeed instead it failed: %s', 'ls -1 /var/snap/charmed-postgresql/common/var/lib/postgresql/pg_wal/', 1)","time":{"start":1714098866527,"stop":1714098946469,"duration":79942}},{"uid":"deb83f82fca16583","reportUrl":"../18//#testresult/deb83f82fca16583","status":"broken","statusDetails":"tenacity.RetryError: RetryError[<Future at 0x7b92b9000c10 state=finished raised AssertionError>]","time":{"start":1714012017891,"stop":1714012087476,"duration":69585}},{"uid":"71c65a80aecf71de","reportUrl":"../17//#testresult/71c65a80aecf71de","status":"broken","statusDetails":"Exception: ('Expected command %s to succeed instead it failed: %s', 'ls -1 /var/snap/charmed-postgresql/common/var/lib/postgresql/pg_wal/', 1)","time":{"start":1713925505520,"stop":1713925583750,"duration":78230}},{"uid":"42112ef7d433df9f","reportUrl":"../16//#testresult/42112ef7d433df9f","status":"passed","time":{"start":1713837613186,"stop":1713837793619,"duration":180433}},{"uid":"e8a0d422c8ea002a","reportUrl":"../15//#testresult/e8a0d422c8ea002a","status":"broken","statusDetails":"Exception: ('Expected command %s to succeed instead it failed: %s', 'ls -1 /var/snap/charmed-postgresql/common/var/lib/postgresql/pg_wal/', 1)","time":{"start":1713751309923,"stop":1713751390276,"duration":80353}},{"uid":"e18faa2c2eab7954","reportUrl":"../11//#testresult/e18faa2c2eab7954","status":"passed","time":{"start":1713492087127,"stop":1713492260669,"duration":173542}},{"uid":"c08ea230a8abef0a","reportUrl":"../10//#testresult/c08ea230a8abef0a","status":"passed","time":{"start":1713405521378,"stop":1713405696870,"duration":175492}},{"uid":"a0a9df9470f98a3a","reportUrl":"../9//#testresult/a0a9df9470f98a3a","status":"failed","statusDetails":"AssertionError: Unable to create continuous_writes table","time":{"start":1713320820952,"stop":1713321124350,"duration":303398}},{"uid":"be2541f059ae167","reportUrl":"../8//#testresult/be2541f059ae167","status":"passed","time":{"start":1713232971088,"stop":1713233142935,"duration":171847}}]},"tags":["unstable","asyncio","group(1)"]},"source":"404ca1c27caa55a2.json","parameterValues":[]}