[32mINFO    [0m pytest_operator.plugin:plugin.py:708 Connecting to existing model localhost-localhost:test on unspecified cloud
[32mINFO    [0m juju.model:model.py:2098 Deploying local:jammy/postgresql-0
[33mWARNING [0m juju.model:model.py:1564 relate is deprecated and will be removed. Use integrate instead.
[32mINFO    [0m juju.model:model.py:2958 Waiting for model:
  postgresql/0 [allocating] waiting: waiting for machine
  postgresql/1 [allocating] waiting: waiting for machine
  postgresql/2 [allocating] waiting: waiting for machine
[32mINFO    [0m juju.model:model.py:2958 Waiting for model:
  landscape-server/0 [allocating] waiting: waiting for machine
  landscape-server/1 [allocating] waiting: waiting for machine
[32mINFO    [0m juju.model:model.py:2958 Waiting for model:
  postgresql/0 [allocating] waiting: waiting for machine
  postgresql/1 [allocating] waiting: waiting for machine
  postgresql/2 [allocating] waiting: waiting for machine
[32mINFO    [0m juju.model:model.py:2958 Waiting for model:
  landscape-server/0 [allocating] waiting: waiting for machine
  landscape-server/1 [allocating] waiting: waiting for machine
[32mINFO    [0m juju.model:model.py:2958 Waiting for model:
  postgresql/0 [allocating] waiting: waiting for machine
  postgresql/1 [allocating] waiting: waiting for machine
  postgresql/2 [allocating] waiting: waiting for machine
[32mINFO    [0m juju.model:model.py:2958 Waiting for model:
  landscape-server/0 [allocating] waiting: waiting for machine
  landscape-server/1 [allocating] waiting: waiting for machine
[32mINFO    [0m juju.model:model.py:2958 Waiting for model:
  postgresql/0 [allocating] waiting: waiting for machine
  postgresql/1 [allocating] waiting: waiting for machine
  postgresql/2 [allocating] waiting: waiting for machine
[32mINFO    [0m juju.model:model.py:2958 Waiting for model:
  landscape-server/0 [allocating] waiting: waiting for machine
  landscape-server/1 [allocating] waiting: waiting for machine
[32mINFO    [0m juju.model:model.py:2958 Waiting for model:
  postgresql/0 [allocating] waiting: waiting for machine
  postgresql/1 [allocating] waiting: waiting for machine
  postgresql/2 [allocating] waiting: waiting for machine
[32mINFO    [0m juju.model:model.py:2958 Waiting for model:
  landscape-server/0 [allocating] waiting: waiting for machine
  landscape-server/1 [allocating] waiting: waiting for machine
[32mINFO    [0m juju.model:model.py:2958 Waiting for model:
  postgresql/0 [allocating] waiting: waiting for machine
  postgresql/1 [allocating] waiting: waiting for machine
  postgresql/2 [allocating] waiting: waiting for machine
[32mINFO    [0m juju.model:model.py:2958 Waiting for model:
  landscape-server/0 [allocating] waiting: waiting for machine
  landscape-server/1 [allocating] waiting: waiting for machine
[32mINFO    [0m juju.model:model.py:2958 Waiting for model:
  postgresql/0 [allocating] waiting: waiting for machine
  postgresql/1 [allocating] waiting: waiting for machine
  postgresql/2 [allocating] waiting: waiting for machine
[32mINFO    [0m juju.model:model.py:2958 Waiting for model:
  landscape-server/0 [allocating] waiting: waiting for machine
  landscape-server/1 [allocating] waiting: waiting for machine
[32mINFO    [0m juju.model:model.py:2958 Waiting for model:
  postgresql/0 [allocating] waiting: waiting for machine
  postgresql/1 [allocating] waiting: waiting for machine
  postgresql/2 [allocating] waiting: waiting for machine
[32mINFO    [0m juju.model:model.py:2958 Waiting for model:
  landscape-server/0 [allocating] waiting: waiting for machine
  landscape-server/1 [allocating] waiting: waiting for machine
[32mINFO    [0m juju.model:model.py:2958 Waiting for model:
  postgresql/0 [allocating] waiting: agent initialising
  postgresql/1 [allocating] waiting: agent initialising
  postgresql/2 [allocating] waiting: agent initialising
[32mINFO    [0m juju.model:model.py:2958 Waiting for model:
  landscape-server/0 [allocating] waiting: agent initialising
  landscape-server/1 [allocating] waiting: waiting for machine
[32mINFO    [0m juju.model:model.py:2958 Waiting for model:
  postgresql/0 [executing] maintenance: installing PostgreSQL
  postgresql/1 [executing] maintenance: installing PostgreSQL
  postgresql/2 [executing] maintenance: installing PostgreSQL
[32mINFO    [0m juju.model:model.py:2958 Waiting for model:
  landscape-server/0 [executing] maintenance: Installing apt packages
  landscape-server/1 [executing] maintenance: Installing apt packages
[32mINFO    [0m juju.model:model.py:2958 Waiting for model:
  postgresql/0 [executing] maintenance: installing PostgreSQL
  postgresql/1 [executing] maintenance: installing PostgreSQL
  postgresql/2 [executing] maintenance: installing PostgreSQL
[32mINFO    [0m juju.model:model.py:2958 Waiting for model:
  landscape-server/0 [executing] maintenance: Installing apt packages
  landscape-server/1 [executing] maintenance: Installing apt packages
[32mINFO    [0m juju.model:model.py:2958 Waiting for model:
  postgresql/0 [executing] waiting: waiting to start PostgreSQL
  postgresql/1 [executing] waiting: awaiting passwords generation
  postgresql/2 [executing] waiting: awaiting passwords generation
[32mINFO    [0m juju.model:model.py:2958 Waiting for model:
  landscape-server/0 [executing] maintenance: Installing apt packages
  landscape-server/1 [executing] maintenance: Installing apt packages
[32mINFO    [0m juju.model:model.py:2958 Waiting for model:
  postgresql/0 [executing] waiting: waiting to start PostgreSQL
  postgresql/1 [idle] waiting: awaiting passwords generation
  postgresql/2 [idle] waiting: awaiting passwords generation
[32mINFO    [0m juju.model:model.py:2958 Waiting for model:
  landscape-server/0 [executing] maintenance: Installing apt packages
  landscape-server/1 [executing] maintenance: Installing apt packages
[32mINFO    [0m juju.model:model.py:2958 Waiting for model:
  postgresql/0 [executing] waiting: waiting to start PostgreSQL
  postgresql/1 [idle] waiting: awaiting passwords generation
  postgresql/2 [idle] waiting: awaiting passwords generation
[32mINFO    [0m juju.model:model.py:2958 Waiting for model:
  landscape-server/0 [executing] maintenance: Installing apt packages
  landscape-server/1 [executing] maintenance: Installing apt packages
[32mINFO    [0m juju.model:model.py:2958 Waiting for model:
  postgresql/0 [executing] waiting: waiting to start PostgreSQL
  postgresql/1 [idle] waiting: awaiting passwords generation
  postgresql/2 [idle] waiting: awaiting passwords generation
[32mINFO    [0m juju.model:model.py:2958 Waiting for model:
  landscape-server/0 [executing] maintenance: Installing apt packages
  landscape-server/1 [executing] maintenance: Installing apt packages
[32mINFO    [0m juju.model:model.py:2958 Waiting for model:
  postgresql/0 [executing] waiting: waiting to start PostgreSQL
  postgresql/1 [idle] waiting: awaiting passwords generation
  postgresql/2 [idle] waiting: awaiting passwords generation
[32mINFO    [0m juju.model:model.py:2958 Waiting for model:
  landscape-server/0 [idle] waiting: Waiting on relations: db, amqp
  landscape-server/1 [idle] waiting: Waiting on relations: db, amqp
[32mINFO    [0m juju.model:model.py:2958 Waiting for model:
  postgresql/0 [executing] waiting: waiting to start PostgreSQL
  postgresql/1 [idle] waiting: awaiting passwords generation
  postgresql/2 [idle] waiting: awaiting passwords generation
[32mINFO    [0m juju.model:model.py:2958 Waiting for model:
  landscape-server/0 [idle] waiting: Waiting on relations: db
  landscape-server/1 [idle] waiting: Waiting on relations: db
[32mINFO    [0m juju.model:model.py:2958 Waiting for model:
  postgresql/0 [executing] maintenance: reconfiguring cluster
  postgresql/1 [idle] waiting: awaiting for cluster to start
  postgresql/2 [idle] waiting: awaiting for cluster to start
[32mINFO    [0m juju.model:model.py:2958 Waiting for model:
  landscape-server/0 [idle] waiting: Waiting on relations: db
  landscape-server/1 [idle] waiting: Waiting on relations: db
[32mINFO    [0m juju.model:model.py:2958 Waiting for model:
  postgresql/0 [executing] active: 
  postgresql/1 [executing] waiting: awaiting for cluster to start
  postgresql/2 [executing] waiting: awaiting for cluster to start
[32mINFO    [0m juju.model:model.py:2958 Waiting for model:
  landscape-server/0 [idle] waiting: Waiting on relations: db
  landscape-server/1 [idle] waiting: Waiting on relations: db
[32mINFO    [0m juju.model:model.py:2958 Waiting for model:
  postgresql/0 [executing] maintenance: reconfiguring cluster
  postgresql/1 [executing] waiting: awaiting for cluster to start
  postgresql/2 [executing] waiting: awaiting for cluster to start
[32mINFO    [0m juju.model:model.py:2958 Waiting for model:
  landscape-server/0 [executing] maintenance: Setting up databases
  landscape-server/1 [idle] waiting: Waiting on relations: db
[32mINFO    [0m juju.model:model.py:2958 Waiting for model:
  postgresql/0 [executing] maintenance: reconfiguring cluster
  postgresql/1 [executing] waiting: awaiting for cluster to start
  postgresql/2 [executing] waiting: awaiting for cluster to start
[32mINFO    [0m juju.model:model.py:2958 Waiting for model:
  landscape-server/0 [executing] maintenance: Setting up databases
  landscape-server/1 [idle] waiting: Waiting on relations: db
[32mINFO    [0m juju.model:model.py:2958 Waiting for model:
  postgresql/0 [executing] active: 
  postgresql/1 [executing] waiting: awaiting for member to start
  postgresql/2 [idle] waiting: awaiting for cluster to start
[32mINFO    [0m juju.model:model.py:2958 Waiting for model:
  landscape-server/0 [executing] maintenance: Setting up databases
  landscape-server/1 [executing] waiting: Waiting on relations: db
[32mINFO    [0m juju.model:model.py:2958 Waiting for model:
  postgresql/0 [executing] maintenance: reconfiguring cluster
  postgresql/1 [idle] waiting: awaiting for member to start
  postgresql/2 [idle] waiting: awaiting for cluster to start
[32mINFO    [0m juju.model:model.py:2958 Waiting for model:
  landscape-server/0 [executing] maintenance: Setting up databases
  landscape-server/1 [executing] maintenance: Setting up databases
[32mINFO    [0m juju.model:model.py:2958 Waiting for model:
  postgresql/0 [executing] maintenance: reconfiguring cluster
  postgresql/1 [idle] waiting: awaiting for member to start
  postgresql/2 [idle] waiting: awaiting for cluster to start
[32mINFO    [0m juju.model:model.py:2958 Waiting for model:
  landscape-server/0 [executing] maintenance: Setting up databases
  landscape-server/1 [executing] maintenance: Setting up databases
[32mINFO    [0m juju.model:model.py:2958 Waiting for model:
  postgresql/0 [executing] maintenance: reconfiguring cluster
  postgresql/1 [idle] waiting: awaiting for member to start
  postgresql/2 [idle] waiting: awaiting for cluster to start
[32mINFO    [0m juju.model:model.py:2958 Waiting for model:
  landscape-server/0 [executing] maintenance: Setting up databases
  landscape-server/1 [executing] maintenance: Setting up databases
[32mINFO    [0m juju.model:model.py:2958 Waiting for model:
  postgresql/0 [executing] maintenance: reconfiguring cluster
  postgresql/1 [idle] waiting: awaiting for member to start
  postgresql/2 [idle] waiting: awaiting for cluster to start
[32mINFO    [0m juju.model:model.py:2958 Waiting for model:
  landscape-server/0 [executing] maintenance: Setting up databases
  landscape-server/1 [executing] maintenance: Setting up databases
[32mINFO    [0m juju.model:model.py:2958 Waiting for model:
  landscape-server/0 [executing] maintenance: Setting up databases
  landscape-server/1 [executing] maintenance: Setting up databases
[32mINFO    [0m juju.model:model.py:2958 Waiting for model:
  postgresql/0 [idle] maintenance: reconfiguring cluster
  postgresql/1 [idle] active: 
  postgresql/2 [idle] waiting: awaiting for cluster to start
[32mINFO    [0m juju.model:model.py:2958 Waiting for model:
  landscape-server/0 [executing] maintenance: Setting up databases
  landscape-server/1 [executing] maintenance: Setting up databases
[32mINFO    [0m juju.model:model.py:2958 Waiting for model:
  postgresql/0 [executing] maintenance: reconfiguring cluster
  postgresql/1 [idle] waiting: awaiting for member to start
  postgresql/2 [idle] waiting: awaiting for cluster to start
[32mINFO    [0m juju.model:model.py:2958 Waiting for model:
  postgresql/0 [executing] maintenance: reconfiguring cluster
  postgresql/1 [idle] waiting: awaiting for member to start
  postgresql/2 [idle] waiting: awaiting for cluster to start
[32mINFO    [0m juju.model:model.py:2958 Waiting for model:
  landscape-server/0 [executing] maintenance: Setting up databases
  landscape-server/1 [executing] maintenance: Setting up databases
[32mINFO    [0m juju.model:model.py:2958 Waiting for model:
  postgresql/0 [executing] maintenance: reconfiguring cluster
  postgresql/1 [idle] waiting: awaiting for member to start
  postgresql/2 [idle] waiting: awaiting for cluster to start
[32mINFO    [0m juju.model:model.py:2958 Waiting for model:
  landscape-server/0 [executing] maintenance: Setting up databases
  landscape-server/1 [executing] maintenance: Setting up databases
[32mINFO    [0m juju.model:model.py:2958 Waiting for model:
  postgresql/0 [executing] maintenance: reconfiguring cluster
  postgresql/1 [idle] waiting: awaiting for member to start
  postgresql/2 [idle] waiting: awaiting for cluster to start
[32mINFO    [0m juju.model:model.py:2958 Waiting for model:
  landscape-server/0 [executing] maintenance: Setting up databases
  landscape-server/1 [executing] maintenance: Setting up databases
[32mINFO    [0m juju.model:model.py:2958 Waiting for model:
  postgresql/0 [executing] maintenance: reconfiguring cluster
  postgresql/1 [idle] waiting: awaiting for member to start
  postgresql/2 [idle] waiting: awaiting for cluster to start
[32mINFO    [0m juju.model:model.py:2958 Waiting for model:
  landscape-server/0 [executing] maintenance: Setting up databases
  landscape-server/1 [executing] maintenance: Setting up databases
[32mINFO    [0m juju.model:model.py:2958 Waiting for model:
  landscape-server/0 [executing] maintenance: Setting up databases
  landscape-server/1 [executing] maintenance: Setting up databases
[32mINFO    [0m juju.model:model.py:2958 Waiting for model:
  postgresql/0 [executing] maintenance: reconfiguring cluster
  postgresql/1 [idle] waiting: awaiting for member to start
  postgresql/2 [idle] waiting: awaiting for cluster to start
[32mINFO    [0m juju.model:model.py:2958 Waiting for model:
  landscape-server/0 [executing] maintenance: Setting up databases
  landscape-server/1 [executing] maintenance: Setting up databases
[32mINFO    [0m juju.model:model.py:2958 Waiting for model:
  postgresql/0 [executing] active: Primary
  postgresql/1 [idle] waiting: awaiting for member to start
  postgresql/2 [idle] waiting: awaiting for cluster to start
[32mINFO    [0m juju.model:model.py:2958 Waiting for model:
  landscape-server/0 [executing] maintenance: Setting up databases
  landscape-server/1 [executing] maintenance: Setting up databases
[32mINFO    [0m juju.model:model.py:2958 Waiting for model:
  postgresql/0 [executing] maintenance: reconfiguring cluster
  postgresql/1 [idle] waiting: awaiting for member to start
  postgresql/2 [idle] waiting: awaiting for cluster to start
[32mINFO    [0m juju.model:model.py:2958 Waiting for model:
  landscape-server/0 [executing] maintenance: Setting up databases
  landscape-server/1 [executing] maintenance: Setting up databases
[32mINFO    [0m juju.model:model.py:2958 Waiting for model:
  postgresql/0 [executing] maintenance: reconfiguring cluster
  postgresql/1 [idle] waiting: awaiting for member to start
  postgresql/2 [idle] waiting: awaiting for member to start
[32mINFO    [0m juju.model:model.py:2958 Waiting for model:
  landscape-server/0 [executing] maintenance: Setting up databases
  landscape-server/1 [executing] maintenance: Setting up databases
[32mINFO    [0m juju.model:model.py:2958 Waiting for model:
  postgresql/0 [executing] active: 
  postgresql/1 [idle] waiting: awaiting for member to start
  postgresql/2 [idle] waiting: awaiting for member to start
[32mINFO    [0m juju.model:model.py:2958 Waiting for model:
  landscape-server/0 [executing] maintenance: Setting up databases
  landscape-server/1 [executing] maintenance: Setting up databases
[32mINFO    [0m juju.model:model.py:2958 Waiting for model:
  postgresql/0 [idle] active: Primary
  postgresql/1 [idle] waiting: awaiting for member to start
  postgresql/2 [idle] waiting: awaiting for member to start
[32mINFO    [0m juju.model:model.py:2958 Waiting for model:
  landscape-server/0 [executing] maintenance: Setting up databases
  landscape-server/1 [executing] maintenance: Setting up databases
[32mINFO    [0m juju.model:model.py:2958 Waiting for model:
  postgresql/0 [idle] active: Primary
  postgresql/1 [idle] waiting: awaiting for member to start
  postgresql/2 [idle] waiting: awaiting for member to start
[32mINFO    [0m juju.model:model.py:2958 Waiting for model:
  landscape-server/0 [executing] maintenance: Setting up databases
  landscape-server/1 [executing] maintenance: Setting up databases
[32mINFO    [0m juju.model:model.py:2958 Waiting for model:
  postgresql/0 [idle] active: Primary
  postgresql/1 [idle] waiting: awaiting for member to start
  postgresql/2 [idle] waiting: awaiting for member to start
[32mINFO    [0m juju.model:model.py:2958 Waiting for model:
  landscape-server/0 [executing] maintenance: Setting up databases
  landscape-server/1 [executing] maintenance: Setting up databases
[32mINFO    [0m juju.model:model.py:2958 Waiting for model:
  postgresql/0 [idle] active: Primary
  postgresql/1 [idle] waiting: awaiting for member to start
  postgresql/2 [idle] waiting: awaiting for member to start
[32mINFO    [0m juju.model:model.py:2958 Waiting for model:
  landscape-server/0 [executing] maintenance: Setting up databases
  landscape-server/1 [executing] maintenance: Setting up databases
[32mINFO    [0m juju.model:model.py:2958 Waiting for model:
  postgresql/0 [idle] active: Primary
  postgresql/1 [idle] waiting: awaiting for member to start
  postgresql/2 [idle] waiting: awaiting for member to start
[32mINFO    [0m juju.model:model.py:2958 Waiting for model:
  landscape-server/0 [executing] maintenance: Starting services
  landscape-server/1 [executing] maintenance: Starting services
[32mINFO    [0m juju.model:model.py:2958 Waiting for model:
  postgresql/0 [idle] active: Primary
  postgresql/1 [idle] active: 
  postgresql/2 [idle] waiting: awaiting for member to start
[32mINFO    [0m juju.model:model.py:2958 Waiting for model:
  landscape-server/0 [executing] maintenance: Starting services
  landscape-server/1 [executing] maintenance: Starting services
[32mINFO    [0m juju.model:model.py:2958 Waiting for model:
  postgresql/0 [idle] active: 
  postgresql/1 [idle] active: 
  postgresql/2 [idle] waiting: awaiting for member to start
[32mINFO    [0m juju.model:model.py:2958 Waiting for model:
  postgresql/0 [executing] active: Primary
  postgresql/1 [idle] active: 
  postgresql/2 [idle] active: 
[32mINFO    [0m juju.model:model.py:2958 Waiting for model:
  landscape-server/0 [idle] active: Unit is ready
  landscape-server/1 [idle] active: Unit is ready
[32mINFO    [0m juju.model:model.py:2958 Waiting for model:
  landscape-server/0 [idle] active: Unit is ready
  landscape-server/1 [executing] active: Unit is ready
  postgresql/0 [idle] active: Primary
  postgresql/1 [idle] active: 
  postgresql/2 [idle] active: 
[32mINFO    [0m juju.model:model.py:2958 Waiting for model:
  landscape-server/0 [executing] maintenance: Starting services
  landscape-server/1 [executing] maintenance: Starting services
  postgresql/0 [executing] active: Primary
  postgresql/1 [executing] active: 
  postgresql/2 [executing] active: 
[32mINFO    [0m juju.model:model.py:2958 Waiting for model:
  landscape-server/0 [idle] active: Unit is ready
  landscape-server/1 [idle] active: Unit is ready
  postgresql/0 [idle] active: 
  postgresql/1 [idle] active: 
  postgresql/2 [idle] active: 
[32mINFO    [0m integration.test_db_admin:test_db_admin.py:112 restarting primary
[32mINFO    [0m juju.model:model.py:2958 Waiting for model:
  postgresql/0 [idle] active: 
  postgresql/1 [idle] active: 
  postgresql/2 [idle] active: 
[32mINFO    [0m juju.model:model.py:2958 Waiting for model:
  postgresql/0 [idle] waiting: awaiting for member to start
  postgresql/1 [executing] active: 
  postgresql/2 [executing] active: 
[32mINFO    [0m juju.model:model.py:2958 Waiting for model:
  postgresql/0 [idle] waiting: awaiting for member to start
  postgresql/1 [idle] active: 
  postgresql/2 [idle] active: 
[32mINFO    [0m juju.model:model.py:2958 Waiting for model:
  postgresql/0 [idle] waiting: awaiting for member to start
  postgresql/1 [idle] active: 
  postgresql/2 [idle] active: 
[32mINFO    [0m juju.model:model.py:2958 Waiting for model:
  postgresql/0 [idle] waiting: awaiting for member to start
  postgresql/1 [idle] active: 
  postgresql/2 [idle] active: 
[32mINFO    [0m juju.model:model.py:2958 Waiting for model:
  postgresql/0 [idle] waiting: awaiting for member to start
  postgresql/1 [idle] active: 
  postgresql/2 [idle] active: 
[32mINFO    [0m juju.model:model.py:2958 Waiting for model:
  postgresql/0 [idle] waiting: awaiting for member to start
  postgresql/1 [idle] active: 
  postgresql/2 [idle] active: 
[32mINFO    [0m juju.model:model.py:2958 Waiting for model:
  postgresql/0 [idle] waiting: awaiting for member to start
  postgresql/1 [idle] active: Primary
  postgresql/2 [idle] active: 
[32mINFO    [0m juju.model:model.py:2958 Waiting for model:
  postgresql/0 [idle] waiting: awaiting for member to start
  postgresql/1 [idle] active: Primary
  postgresql/2 [idle] active: 
[32mINFO    [0m juju.model:model.py:2958 Waiting for model:
  postgresql/0 [idle] waiting: awaiting for member to start
  postgresql/1 [idle] active: Primary
  postgresql/2 [idle] active: 
[32mINFO    [0m juju.model:model.py:2958 Waiting for model:
  postgresql/1 [executing] active: Primary
  postgresql/2 [executing] active: 
[32mINFO    [0m integration.test_db_admin:test_db_admin.py:133 triggering a switchover
[32mINFO    [0m juju.model:model.py:2958 Waiting for model:
  landscape-server/0 [executing] active: Unit is ready
  landscape-server/1 [executing] active: Unit is ready
  postgresql/0 [idle] active: 
  postgresql/1 [idle] active: 
  postgresql/2 [idle] active: 
[32mINFO    [0m juju.model:model.py:2958 Waiting for model:
  landscape-server/0 [executing] maintenance: Starting services
  landscape-server/1 [executing] maintenance: Starting services
  postgresql/1 [idle] active: 
  postgresql/2 [idle] active: 
[32mINFO    [0m juju.model:model.py:2958 Waiting for model:
  landscape-server/0 [idle] active: Unit is ready
  landscape-server/1 [idle] active: Unit is ready
[32mINFO    [0m juju.model:model.py:2958 Waiting for model:
  postgresql/0 [idle] active: 
  postgresql/1 [idle] active: 
  postgresql/2 [idle] active: Primary
[32mINFO    [0m juju.model:model.py:2958 Waiting for model:
  postgresql/0 [executing] active: 
  postgresql/1 [idle] active: 
  postgresql/2 [executing] active: Primary
[32mINFO    [0m pytest_operator.plugin:plugin.py:834 Model status:

Model  Controller           Cloud/Region         Version  SLA          Timestamp
test   localhost-localhost  localhost/localhost  3.1.7    unsupported  02:00:06Z

Machine  State    Address       Inst id        Base          AZ  Message
0        stopped  10.42.69.224  juju-a13666-0  ubuntu@22.04      Running
1        stopped  10.42.69.235  juju-a13666-1  ubuntu@22.04      Running
2        stopped  10.42.69.62   juju-a13666-2  ubuntu@22.04      Running

[32mINFO    [0m pytest_operator.plugin:plugin.py:840 Juju error logs:

machine-0: 01:31:01 ERROR juju.worker.dependency "broker-tracker" manifold worker returned unexpected error: no container types determined
machine-0: 01:31:01 ERROR juju.worker.dependency "kvm-container-provisioner" manifold worker returned unexpected error: container types not yet available
machine-0: 01:31:01 ERROR juju.worker.dependency "lxd-container-provisioner" manifold worker returned unexpected error: container types not yet available
unit-postgresql-0: 01:31:02 ERROR juju.worker.meterstatus error running "meter-status-changed": charm missing from disk
machine-1: 01:31:05 ERROR juju.worker.dependency "lxd-container-provisioner" manifold worker returned unexpected error: container types not yet available
machine-1: 01:31:05 ERROR juju.worker.dependency "kvm-container-provisioner" manifold worker returned unexpected error: container types not yet available
machine-1: 01:31:05 ERROR juju.worker.dependency "broker-tracker" manifold worker returned unexpected error: no container types determined
unit-postgresql-1: 01:31:06 ERROR juju.worker.meterstatus error running "meter-status-changed": charm missing from disk
machine-2: 01:31:07 ERROR juju.worker.dependency "broker-tracker" manifold worker returned unexpected error: no container types determined
machine-2: 01:31:07 ERROR juju.worker.dependency "kvm-container-provisioner" manifold worker returned unexpected error: container types not yet available
machine-2: 01:31:07 ERROR juju.worker.dependency "lxd-container-provisioner" manifold worker returned unexpected error: container types not yet available
unit-postgresql-2: 01:31:07 ERROR juju.worker.meterstatus error running "meter-status-changed": charm missing from disk
machine-3: 01:31:08 ERROR juju.worker.dependency "kvm-container-provisioner" manifold worker returned unexpected error: container types not yet available
machine-3: 01:31:08 ERROR juju.worker.dependency "broker-tracker" manifold worker returned unexpected error: no container types determined
machine-3: 01:31:08 ERROR juju.worker.dependency "lxd-container-provisioner" manifold worker returned unexpected error: container types not yet available
unit-haproxy-0: 01:31:09 ERROR juju.worker.meterstatus error running "meter-status-changed": charm missing from disk
machine-4: 01:31:14 ERROR juju.worker.dependency "kvm-container-provisioner" manifold worker returned unexpected error: container types not yet available
machine-4: 01:31:14 ERROR juju.worker.dependency "broker-tracker" manifold worker returned unexpected error: no container types determined
machine-4: 01:31:14 ERROR juju.worker.dependency "lxd-container-provisioner" manifold worker returned unexpected error: container types not yet available
unit-landscape-server-0: 01:31:14 ERROR juju.worker.meterstatus error running "meter-status-changed": charm missing from disk
machine-5: 01:31:21 ERROR juju.worker.dependency "broker-tracker" manifold worker returned unexpected error: no container types determined
machine-5: 01:31:21 ERROR juju.worker.dependency "kvm-container-provisioner" manifold worker returned unexpected error: container types not yet available
machine-5: 01:31:21 ERROR juju.worker.dependency "lxd-container-provisioner" manifold worker returned unexpected error: container types not yet available
unit-landscape-server-1: 01:31:21 ERROR juju.worker.meterstatus error running "meter-status-changed": charm missing from disk
machine-6: 01:31:21 ERROR juju.worker.dependency "broker-tracker" manifold worker returned unexpected error: no container types determined
machine-6: 01:31:21 ERROR juju.worker.dependency "kvm-container-provisioner" manifold worker returned unexpected error: container types not yet available
machine-6: 01:31:21 ERROR juju.worker.dependency "lxd-container-provisioner" manifold worker returned unexpected error: container types not yet available
unit-rabbitmq-server-0: 01:31:22 ERROR juju.worker.meterstatus error running "meter-status-changed": charm missing from disk
unit-postgresql-0: 01:56:19 ERROR unit.postgresql/0.juju-log failed to change plugins: 
Traceback (most recent call last):
  File "/var/lib/juju/agents/unit-postgresql-0/charm/lib/charms/postgresql_k8s/v0/postgresql.py", line 316, in enable_disable_extensions
    cursor.execute(
psycopg2.errors.DependentObjectsStillExist: cannot drop extension ltree because other objects depend on it
DETAIL:  column tree of table computer_relationship depends on type ltree
HINT:  Use DROP ... CASCADE to drop the dependent objects too.


During handling of the above exception, another exception occurred:

Traceback (most recent call last):
  File "/var/lib/juju/agents/unit-postgresql-0/charm/./src/charm.py", line 955, in enable_disable_extensions
    self.postgresql.enable_disable_extensions(extensions, database)
  File "/var/lib/juju/agents/unit-postgresql-0/charm/lib/charms/postgresql_k8s/v0/postgresql.py", line 324, in enable_disable_extensions
    raise PostgreSQLEnableDisableExtensionError()
charms.postgresql_k8s.v0.postgresql.PostgreSQLEnableDisableExtensionError
machine-1: 01:59:59 ERROR juju.api.watcher error trying to stop watcher: websocket: close sent

[32mINFO    [0m pytest_operator.plugin:plugin.py:904 Forgetting main...