{"uid":"8cbda03ce23cd9a1","name":"test_nextcloud_db_blocked","fullName":"tests.integration.new_relations.test_new_relations#test_nextcloud_db_blocked","historyId":"eb05ebe009756754c60f9a8fcd4be7ce","time":{"start":1717813086538,"stop":1717814088559,"duration":1002021},"status":"broken","statusMessage":"asyncio.exceptions.TimeoutError: Timed out waiting for model:\nnextcloud/0 [idle] blocked: Nextcloud not initialized.","statusTrace":"Traceback (most recent call last):\n  File \"/home/ubuntu/github-runner/_work/test-runners-self-hosted-postgresql-operator/test-runners-self-hosted-postgresql-operator/.tox/integration/lib/python3.10/site-packages/_pytest/runner.py\", line 340, in from_call\n    result: Optional[TResult] = func()\n  File \"/home/ubuntu/github-runner/_work/test-runners-self-hosted-postgresql-operator/test-runners-self-hosted-postgresql-operator/.tox/integration/lib/python3.10/site-packages/_pytest/runner.py\", line 240, in <lambda>\n    lambda: runtest_hook(item=item, **kwds), when=when, reraise=reraise\n  File \"/home/ubuntu/github-runner/_work/test-runners-self-hosted-postgresql-operator/test-runners-self-hosted-postgresql-operator/.tox/integration/lib/python3.10/site-packages/pluggy/_hooks.py\", line 501, in __call__\n    return self._hookexec(self.name, self._hookimpls.copy(), kwargs, firstresult)\n  File \"/home/ubuntu/github-runner/_work/test-runners-self-hosted-postgresql-operator/test-runners-self-hosted-postgresql-operator/.tox/integration/lib/python3.10/site-packages/pluggy/_manager.py\", line 119, in _hookexec\n    return self._inner_hookexec(hook_name, methods, kwargs, firstresult)\n  File \"/home/ubuntu/github-runner/_work/test-runners-self-hosted-postgresql-operator/test-runners-self-hosted-postgresql-operator/.tox/integration/lib/python3.10/site-packages/pluggy/_callers.py\", line 181, in _multicall\n    return outcome.get_result()\n  File \"/home/ubuntu/github-runner/_work/test-runners-self-hosted-postgresql-operator/test-runners-self-hosted-postgresql-operator/.tox/integration/lib/python3.10/site-packages/pluggy/_result.py\", line 99, in get_result\n    raise exc.with_traceback(exc.__traceback__)\n  File \"/home/ubuntu/github-runner/_work/test-runners-self-hosted-postgresql-operator/test-runners-self-hosted-postgresql-operator/.tox/integration/lib/python3.10/site-packages/pluggy/_callers.py\", line 166, in _multicall\n    teardown.throw(outcome._exception)\n  File \"/home/ubuntu/github-runner/_work/test-runners-self-hosted-postgresql-operator/test-runners-self-hosted-postgresql-operator/.tox/integration/lib/python3.10/site-packages/_pytest/threadexception.py\", line 87, in pytest_runtest_call\n    yield from thread_exception_runtest_hook()\n  File \"/home/ubuntu/github-runner/_work/test-runners-self-hosted-postgresql-operator/test-runners-self-hosted-postgresql-operator/.tox/integration/lib/python3.10/site-packages/_pytest/threadexception.py\", line 63, in thread_exception_runtest_hook\n    yield\n  File \"/home/ubuntu/github-runner/_work/test-runners-self-hosted-postgresql-operator/test-runners-self-hosted-postgresql-operator/.tox/integration/lib/python3.10/site-packages/pluggy/_callers.py\", line 166, in _multicall\n    teardown.throw(outcome._exception)\n  File \"/home/ubuntu/github-runner/_work/test-runners-self-hosted-postgresql-operator/test-runners-self-hosted-postgresql-operator/.tox/integration/lib/python3.10/site-packages/_pytest/unraisableexception.py\", line 90, in pytest_runtest_call\n    yield from unraisable_exception_runtest_hook()\n  File \"/home/ubuntu/github-runner/_work/test-runners-self-hosted-postgresql-operator/test-runners-self-hosted-postgresql-operator/.tox/integration/lib/python3.10/site-packages/_pytest/unraisableexception.py\", line 65, in unraisable_exception_runtest_hook\n    yield\n  File \"/home/ubuntu/github-runner/_work/test-runners-self-hosted-postgresql-operator/test-runners-self-hosted-postgresql-operator/.tox/integration/lib/python3.10/site-packages/pluggy/_callers.py\", line 166, in _multicall\n    teardown.throw(outcome._exception)\n  File \"/home/ubuntu/github-runner/_work/test-runners-self-hosted-postgresql-operator/test-runners-self-hosted-postgresql-operator/.tox/integration/lib/python3.10/site-packages/_pytest/logging.py\", line 849, in pytest_runtest_call\n    yield from self._runtest_for(item, \"call\")\n  File \"/home/ubuntu/github-runner/_work/test-runners-self-hosted-postgresql-operator/test-runners-self-hosted-postgresql-operator/.tox/integration/lib/python3.10/site-packages/_pytest/logging.py\", line 832, in _runtest_for\n    yield\n  File \"/home/ubuntu/github-runner/_work/test-runners-self-hosted-postgresql-operator/test-runners-self-hosted-postgresql-operator/.tox/integration/lib/python3.10/site-packages/pluggy/_callers.py\", line 166, in _multicall\n    teardown.throw(outcome._exception)\n  File \"/home/ubuntu/github-runner/_work/test-runners-self-hosted-postgresql-operator/test-runners-self-hosted-postgresql-operator/.tox/integration/lib/python3.10/site-packages/_pytest/capture.py\", line 883, in pytest_runtest_call\n    return (yield)\n  File \"/home/ubuntu/github-runner/_work/test-runners-self-hosted-postgresql-operator/test-runners-self-hosted-postgresql-operator/.tox/integration/lib/python3.10/site-packages/pluggy/_callers.py\", line 166, in _multicall\n    teardown.throw(outcome._exception)\n  File \"/home/ubuntu/github-runner/_work/test-runners-self-hosted-postgresql-operator/test-runners-self-hosted-postgresql-operator/.tox/integration/lib/python3.10/site-packages/_pytest/skipping.py\", line 256, in pytest_runtest_call\n    return (yield)\n  File \"/home/ubuntu/github-runner/_work/test-runners-self-hosted-postgresql-operator/test-runners-self-hosted-postgresql-operator/.tox/integration/lib/python3.10/site-packages/pluggy/_callers.py\", line 102, in _multicall\n    res = hook_impl.function(*args)\n  File \"/home/ubuntu/github-runner/_work/test-runners-self-hosted-postgresql-operator/test-runners-self-hosted-postgresql-operator/.tox/integration/lib/python3.10/site-packages/_pytest/runner.py\", line 182, in pytest_runtest_call\n    raise e\n  File \"/home/ubuntu/github-runner/_work/test-runners-self-hosted-postgresql-operator/test-runners-self-hosted-postgresql-operator/.tox/integration/lib/python3.10/site-packages/_pytest/runner.py\", line 172, in pytest_runtest_call\n    item.runtest()\n  File \"/home/ubuntu/github-runner/_work/test-runners-self-hosted-postgresql-operator/test-runners-self-hosted-postgresql-operator/.tox/integration/lib/python3.10/site-packages/_pytest/python.py\", line 1772, in runtest\n    self.ihook.pytest_pyfunc_call(pyfuncitem=self)\n  File \"/home/ubuntu/github-runner/_work/test-runners-self-hosted-postgresql-operator/test-runners-self-hosted-postgresql-operator/.tox/integration/lib/python3.10/site-packages/pluggy/_hooks.py\", line 501, in __call__\n    return self._hookexec(self.name, self._hookimpls.copy(), kwargs, firstresult)\n  File \"/home/ubuntu/github-runner/_work/test-runners-self-hosted-postgresql-operator/test-runners-self-hosted-postgresql-operator/.tox/integration/lib/python3.10/site-packages/pluggy/_manager.py\", line 119, in _hookexec\n    return self._inner_hookexec(hook_name, methods, kwargs, firstresult)\n  File \"/home/ubuntu/github-runner/_work/test-runners-self-hosted-postgresql-operator/test-runners-self-hosted-postgresql-operator/.tox/integration/lib/python3.10/site-packages/pluggy/_callers.py\", line 181, in _multicall\n    return outcome.get_result()\n  File \"/home/ubuntu/github-runner/_work/test-runners-self-hosted-postgresql-operator/test-runners-self-hosted-postgresql-operator/.tox/integration/lib/python3.10/site-packages/pluggy/_result.py\", line 99, in get_result\n    raise exc.with_traceback(exc.__traceback__)\n  File \"/home/ubuntu/github-runner/_work/test-runners-self-hosted-postgresql-operator/test-runners-self-hosted-postgresql-operator/.tox/integration/lib/python3.10/site-packages/pluggy/_callers.py\", line 102, in _multicall\n    res = hook_impl.function(*args)\n  File \"/home/ubuntu/github-runner/_work/test-runners-self-hosted-postgresql-operator/test-runners-self-hosted-postgresql-operator/.tox/integration/lib/python3.10/site-packages/_pytest/python.py\", line 195, in pytest_pyfunc_call\n    result = testfunction(**testargs)\n  File \"/home/ubuntu/github-runner/_work/test-runners-self-hosted-postgresql-operator/test-runners-self-hosted-postgresql-operator/.tox/integration/lib/python3.10/site-packages/pytest_asyncio/plugin.py\", line 532, in inner\n    _loop.run_until_complete(task)\n  File \"/usr/lib/python3.10/asyncio/base_events.py\", line 649, in run_until_complete\n    return future.result()\n  File \"/home/ubuntu/github-runner/_work/test-runners-self-hosted-postgresql-operator/test-runners-self-hosted-postgresql-operator/tests/integration/new_relations/test_new_relations.py\", line 596, in test_nextcloud_db_blocked\n    await ops_test.model.wait_for_idle(\n  File \"/home/ubuntu/github-runner/_work/test-runners-self-hosted-postgresql-operator/test-runners-self-hosted-postgresql-operator/.tox/integration/lib/python3.10/site-packages/juju/model.py\", line 2956, in wait_for_idle\n    raise jasyncio.TimeoutError(\"Timed out waiting for model:\\n\" + busy)\nasyncio.exceptions.TimeoutError: Timed out waiting for model:\nnextcloud/0 [idle] blocked: Nextcloud not initialized.","flaky":false,"newFailed":false,"newBroken":false,"newPassed":false,"retriesCount":0,"retriesStatusChange":false,"beforeStages":[{"name":"ops_test","time":{"start":1717810354754,"stop":1717810355066,"duration":312},"status":"passed","steps":[],"attachments":[],"parameters":[],"stepsCount":0,"shouldDisplayMessage":false,"attachmentsCount":0,"hasContent":false,"attachmentStep":false},{"name":"event_loop","time":{"start":1717810354754,"stop":1717810354754,"duration":0},"status":"passed","steps":[],"attachments":[],"parameters":[],"stepsCount":0,"shouldDisplayMessage":false,"attachmentsCount":0,"hasContent":false,"attachmentStep":false},{"name":"tmp_path_factory","time":{"start":1717810354754,"stop":1717810354754,"duration":0},"status":"passed","steps":[],"attachments":[],"parameters":[],"stepsCount":0,"shouldDisplayMessage":false,"attachmentsCount":0,"hasContent":false,"attachmentStep":false},{"name":"charm","time":{"start":1717810355067,"stop":1717810355068,"duration":1},"status":"passed","steps":[],"attachments":[],"parameters":[],"stepsCount":0,"shouldDisplayMessage":false,"attachmentsCount":0,"hasContent":false,"attachmentStep":false},{"name":"abort_on_fail","time":{"start":1717813086537,"stop":1717813086538,"duration":1},"status":"passed","steps":[],"attachments":[],"parameters":[],"stepsCount":0,"shouldDisplayMessage":false,"attachmentsCount":0,"hasContent":false,"attachmentStep":false}],"testStage":{"status":"broken","statusMessage":"asyncio.exceptions.TimeoutError: Timed out waiting for model:\nnextcloud/0 [idle] blocked: Nextcloud not initialized.","statusTrace":"Traceback (most recent call last):\n  File \"/home/ubuntu/github-runner/_work/test-runners-self-hosted-postgresql-operator/test-runners-self-hosted-postgresql-operator/.tox/integration/lib/python3.10/site-packages/_pytest/runner.py\", line 340, in from_call\n    result: Optional[TResult] = func()\n  File \"/home/ubuntu/github-runner/_work/test-runners-self-hosted-postgresql-operator/test-runners-self-hosted-postgresql-operator/.tox/integration/lib/python3.10/site-packages/_pytest/runner.py\", line 240, in <lambda>\n    lambda: runtest_hook(item=item, **kwds), when=when, reraise=reraise\n  File \"/home/ubuntu/github-runner/_work/test-runners-self-hosted-postgresql-operator/test-runners-self-hosted-postgresql-operator/.tox/integration/lib/python3.10/site-packages/pluggy/_hooks.py\", line 501, in __call__\n    return self._hookexec(self.name, self._hookimpls.copy(), kwargs, firstresult)\n  File \"/home/ubuntu/github-runner/_work/test-runners-self-hosted-postgresql-operator/test-runners-self-hosted-postgresql-operator/.tox/integration/lib/python3.10/site-packages/pluggy/_manager.py\", line 119, in _hookexec\n    return self._inner_hookexec(hook_name, methods, kwargs, firstresult)\n  File \"/home/ubuntu/github-runner/_work/test-runners-self-hosted-postgresql-operator/test-runners-self-hosted-postgresql-operator/.tox/integration/lib/python3.10/site-packages/pluggy/_callers.py\", line 181, in _multicall\n    return outcome.get_result()\n  File \"/home/ubuntu/github-runner/_work/test-runners-self-hosted-postgresql-operator/test-runners-self-hosted-postgresql-operator/.tox/integration/lib/python3.10/site-packages/pluggy/_result.py\", line 99, in get_result\n    raise exc.with_traceback(exc.__traceback__)\n  File \"/home/ubuntu/github-runner/_work/test-runners-self-hosted-postgresql-operator/test-runners-self-hosted-postgresql-operator/.tox/integration/lib/python3.10/site-packages/pluggy/_callers.py\", line 166, in _multicall\n    teardown.throw(outcome._exception)\n  File \"/home/ubuntu/github-runner/_work/test-runners-self-hosted-postgresql-operator/test-runners-self-hosted-postgresql-operator/.tox/integration/lib/python3.10/site-packages/_pytest/threadexception.py\", line 87, in pytest_runtest_call\n    yield from thread_exception_runtest_hook()\n  File \"/home/ubuntu/github-runner/_work/test-runners-self-hosted-postgresql-operator/test-runners-self-hosted-postgresql-operator/.tox/integration/lib/python3.10/site-packages/_pytest/threadexception.py\", line 63, in thread_exception_runtest_hook\n    yield\n  File \"/home/ubuntu/github-runner/_work/test-runners-self-hosted-postgresql-operator/test-runners-self-hosted-postgresql-operator/.tox/integration/lib/python3.10/site-packages/pluggy/_callers.py\", line 166, in _multicall\n    teardown.throw(outcome._exception)\n  File \"/home/ubuntu/github-runner/_work/test-runners-self-hosted-postgresql-operator/test-runners-self-hosted-postgresql-operator/.tox/integration/lib/python3.10/site-packages/_pytest/unraisableexception.py\", line 90, in pytest_runtest_call\n    yield from unraisable_exception_runtest_hook()\n  File \"/home/ubuntu/github-runner/_work/test-runners-self-hosted-postgresql-operator/test-runners-self-hosted-postgresql-operator/.tox/integration/lib/python3.10/site-packages/_pytest/unraisableexception.py\", line 65, in unraisable_exception_runtest_hook\n    yield\n  File \"/home/ubuntu/github-runner/_work/test-runners-self-hosted-postgresql-operator/test-runners-self-hosted-postgresql-operator/.tox/integration/lib/python3.10/site-packages/pluggy/_callers.py\", line 166, in _multicall\n    teardown.throw(outcome._exception)\n  File \"/home/ubuntu/github-runner/_work/test-runners-self-hosted-postgresql-operator/test-runners-self-hosted-postgresql-operator/.tox/integration/lib/python3.10/site-packages/_pytest/logging.py\", line 849, in pytest_runtest_call\n    yield from self._runtest_for(item, \"call\")\n  File \"/home/ubuntu/github-runner/_work/test-runners-self-hosted-postgresql-operator/test-runners-self-hosted-postgresql-operator/.tox/integration/lib/python3.10/site-packages/_pytest/logging.py\", line 832, in _runtest_for\n    yield\n  File \"/home/ubuntu/github-runner/_work/test-runners-self-hosted-postgresql-operator/test-runners-self-hosted-postgresql-operator/.tox/integration/lib/python3.10/site-packages/pluggy/_callers.py\", line 166, in _multicall\n    teardown.throw(outcome._exception)\n  File \"/home/ubuntu/github-runner/_work/test-runners-self-hosted-postgresql-operator/test-runners-self-hosted-postgresql-operator/.tox/integration/lib/python3.10/site-packages/_pytest/capture.py\", line 883, in pytest_runtest_call\n    return (yield)\n  File \"/home/ubuntu/github-runner/_work/test-runners-self-hosted-postgresql-operator/test-runners-self-hosted-postgresql-operator/.tox/integration/lib/python3.10/site-packages/pluggy/_callers.py\", line 166, in _multicall\n    teardown.throw(outcome._exception)\n  File \"/home/ubuntu/github-runner/_work/test-runners-self-hosted-postgresql-operator/test-runners-self-hosted-postgresql-operator/.tox/integration/lib/python3.10/site-packages/_pytest/skipping.py\", line 256, in pytest_runtest_call\n    return (yield)\n  File \"/home/ubuntu/github-runner/_work/test-runners-self-hosted-postgresql-operator/test-runners-self-hosted-postgresql-operator/.tox/integration/lib/python3.10/site-packages/pluggy/_callers.py\", line 102, in _multicall\n    res = hook_impl.function(*args)\n  File \"/home/ubuntu/github-runner/_work/test-runners-self-hosted-postgresql-operator/test-runners-self-hosted-postgresql-operator/.tox/integration/lib/python3.10/site-packages/_pytest/runner.py\", line 182, in pytest_runtest_call\n    raise e\n  File \"/home/ubuntu/github-runner/_work/test-runners-self-hosted-postgresql-operator/test-runners-self-hosted-postgresql-operator/.tox/integration/lib/python3.10/site-packages/_pytest/runner.py\", line 172, in pytest_runtest_call\n    item.runtest()\n  File \"/home/ubuntu/github-runner/_work/test-runners-self-hosted-postgresql-operator/test-runners-self-hosted-postgresql-operator/.tox/integration/lib/python3.10/site-packages/_pytest/python.py\", line 1772, in runtest\n    self.ihook.pytest_pyfunc_call(pyfuncitem=self)\n  File \"/home/ubuntu/github-runner/_work/test-runners-self-hosted-postgresql-operator/test-runners-self-hosted-postgresql-operator/.tox/integration/lib/python3.10/site-packages/pluggy/_hooks.py\", line 501, in __call__\n    return self._hookexec(self.name, self._hookimpls.copy(), kwargs, firstresult)\n  File \"/home/ubuntu/github-runner/_work/test-runners-self-hosted-postgresql-operator/test-runners-self-hosted-postgresql-operator/.tox/integration/lib/python3.10/site-packages/pluggy/_manager.py\", line 119, in _hookexec\n    return self._inner_hookexec(hook_name, methods, kwargs, firstresult)\n  File \"/home/ubuntu/github-runner/_work/test-runners-self-hosted-postgresql-operator/test-runners-self-hosted-postgresql-operator/.tox/integration/lib/python3.10/site-packages/pluggy/_callers.py\", line 181, in _multicall\n    return outcome.get_result()\n  File \"/home/ubuntu/github-runner/_work/test-runners-self-hosted-postgresql-operator/test-runners-self-hosted-postgresql-operator/.tox/integration/lib/python3.10/site-packages/pluggy/_result.py\", line 99, in get_result\n    raise exc.with_traceback(exc.__traceback__)\n  File \"/home/ubuntu/github-runner/_work/test-runners-self-hosted-postgresql-operator/test-runners-self-hosted-postgresql-operator/.tox/integration/lib/python3.10/site-packages/pluggy/_callers.py\", line 102, in _multicall\n    res = hook_impl.function(*args)\n  File \"/home/ubuntu/github-runner/_work/test-runners-self-hosted-postgresql-operator/test-runners-self-hosted-postgresql-operator/.tox/integration/lib/python3.10/site-packages/_pytest/python.py\", line 195, in pytest_pyfunc_call\n    result = testfunction(**testargs)\n  File \"/home/ubuntu/github-runner/_work/test-runners-self-hosted-postgresql-operator/test-runners-self-hosted-postgresql-operator/.tox/integration/lib/python3.10/site-packages/pytest_asyncio/plugin.py\", line 532, in inner\n    _loop.run_until_complete(task)\n  File \"/usr/lib/python3.10/asyncio/base_events.py\", line 649, in run_until_complete\n    return future.result()\n  File \"/home/ubuntu/github-runner/_work/test-runners-self-hosted-postgresql-operator/test-runners-self-hosted-postgresql-operator/tests/integration/new_relations/test_new_relations.py\", line 596, in test_nextcloud_db_blocked\n    await ops_test.model.wait_for_idle(\n  File \"/home/ubuntu/github-runner/_work/test-runners-self-hosted-postgresql-operator/test-runners-self-hosted-postgresql-operator/.tox/integration/lib/python3.10/site-packages/juju/model.py\", line 2956, in wait_for_idle\n    raise jasyncio.TimeoutError(\"Timed out waiting for model:\\n\" + busy)\nasyncio.exceptions.TimeoutError: Timed out waiting for model:\nnextcloud/0 [idle] blocked: Nextcloud not initialized.","steps":[],"attachments":[{"uid":"eadee2ee2d274289","name":"log","source":"eadee2ee2d274289.txt","type":"text/plain","size":16553}],"parameters":[],"stepsCount":0,"shouldDisplayMessage":true,"attachmentsCount":1,"hasContent":true,"attachmentStep":false},"afterStages":[{"name":"abort_on_fail::0","time":{"start":1717814088582,"stop":1717814088582,"duration":0},"status":"passed","steps":[],"attachments":[],"parameters":[],"stepsCount":0,"shouldDisplayMessage":false,"attachmentsCount":0,"hasContent":false,"attachmentStep":false},{"name":"charm::finalizer","time":{"start":1717814088585,"stop":1717814088585,"duration":0},"status":"passed","steps":[],"attachments":[],"parameters":[],"stepsCount":0,"shouldDisplayMessage":false,"attachmentsCount":0,"hasContent":false,"attachmentStep":false},{"name":"ops_test::finalizer","time":{"start":1717814088586,"stop":1717814089388,"duration":802},"status":"passed","steps":[],"attachments":[],"parameters":[],"stepsCount":0,"shouldDisplayMessage":false,"attachmentsCount":0,"hasContent":false,"attachmentStep":false},{"name":"event_loop::2","time":{"start":1717814089392,"stop":1717814089393,"duration":1},"status":"passed","steps":[],"attachments":[],"parameters":[],"stepsCount":0,"shouldDisplayMessage":false,"attachmentsCount":0,"hasContent":false,"attachmentStep":false},{"name":"event_loop::_close_event_loop","time":{"start":1717814089393,"stop":1717814089393,"duration":0},"status":"passed","steps":[],"attachments":[],"parameters":[],"stepsCount":0,"shouldDisplayMessage":false,"attachmentsCount":0,"hasContent":false,"attachmentStep":false},{"name":"event_loop::_provide_clean_event_loop","time":{"start":1717814089393,"stop":1717814089396,"duration":3},"status":"passed","steps":[],"attachments":[],"parameters":[],"stepsCount":0,"shouldDisplayMessage":false,"attachmentsCount":0,"hasContent":false,"attachmentStep":false}],"labels":[{"name":"tag","value":"group(1)"},{"name":"tag","value":"asyncio"},{"name":"parentSuite","value":"tests.integration.new_relations"},{"name":"suite","value":"test_new_relations"},{"name":"host","value":"large-520-7ceadca5f7cdb172aeab0e03"},{"name":"thread","value":"12016-MainThread"},{"name":"framework","value":"pytest"},{"name":"language","value":"cpython3"},{"name":"package","value":"tests.integration.new_relations.test_new_relations"},{"name":"resultFormat","value":"allure2"}],"parameters":[],"links":[],"hidden":false,"retry":false,"extra":{"severity":"normal","retries":[],"categories":[{"name":"Test defects","matchedStatuses":[],"flaky":false}],"history":{"statistic":{"failed":0,"broken":17,"skipped":1,"passed":8,"unknown":0,"total":26},"items":[{"uid":"7294829231ad771f","reportUrl":"../70//#testresult/7294829231ad771f","status":"broken","statusDetails":"asyncio.exceptions.TimeoutError: Timed out waiting for model:\nnextcloud/0 [idle] blocked: Nextcloud not initialized.","time":{"start":1717726165264,"stop":1717727166764,"duration":1001500}},{"uid":"f83a4393f28f38c","reportUrl":"../69//#testresult/f83a4393f28f38c","status":"passed","time":{"start":1717639877997,"stop":1717640363083,"duration":485086}},{"uid":"a04fed8564d93c4b","reportUrl":"../68//#testresult/a04fed8564d93c4b","status":"passed","time":{"start":1717553264565,"stop":1717554058665,"duration":794100}},{"uid":"b573f7ee33cdc862","reportUrl":"../67//#testresult/b573f7ee33cdc862","status":"passed","time":{"start":1717467026840,"stop":1717467543248,"duration":516408}},{"uid":"a67a2622709d73a8","reportUrl":"../66//#testresult/a67a2622709d73a8","status":"passed","time":{"start":1717380443941,"stop":1717380855016,"duration":411075}},{"uid":"ac5a1c8322a50000","reportUrl":"../65//#testresult/ac5a1c8322a50000","status":"broken","statusDetails":"asyncio.exceptions.TimeoutError: Timed out waiting for model:\nnextcloud/0 [idle] blocked: Nextcloud not initialized.","time":{"start":1717294241419,"stop":1717295242919,"duration":1001500}},{"uid":"b553c970f360ddf1","reportUrl":"../64//#testresult/b553c970f360ddf1","status":"broken","statusDetails":"asyncio.exceptions.TimeoutError: Timed out waiting for model:\nnextcloud/0 [idle] blocked: Nextcloud not initialized.","time":{"start":1717207944531,"stop":1717208946294,"duration":1001763}},{"uid":"6912bf69a0cae887","reportUrl":"../62//#testresult/6912bf69a0cae887","status":"broken","statusDetails":"asyncio.exceptions.TimeoutError: Timed out waiting for model:\nnextcloud/0 [idle] maintenance: config php...","time":{"start":1717121603230,"stop":1717122605108,"duration":1001878}},{"uid":"1082b1269c8ebb32","reportUrl":"../61//#testresult/1082b1269c8ebb32","status":"broken","statusDetails":"asyncio.exceptions.TimeoutError: Timed out waiting for model:\nnextcloud/0 [idle] blocked: Nextcloud not initialized.","time":{"start":1717034847136,"stop":1717035848628,"duration":1001492}},{"uid":"2952d492de09d6dc","reportUrl":"../60//#testresult/2952d492de09d6dc","status":"passed","time":{"start":1716948755568,"stop":1716949317040,"duration":561472}},{"uid":"6b9aaf81083bc648","reportUrl":"../59//#testresult/6b9aaf81083bc648","status":"passed","time":{"start":1716862131885,"stop":1716862582411,"duration":450526}},{"uid":"a214529c057dcdce","reportUrl":"../58//#testresult/a214529c057dcdce","status":"broken","statusDetails":"asyncio.exceptions.TimeoutError: Timed out waiting for model:\nnextcloud/0 [idle] blocked: Nextcloud not initialized.","time":{"start":1716775644012,"stop":1716776646091,"duration":1002079}},{"uid":"1afb26af167bd710","reportUrl":"../57//#testresult/1afb26af167bd710","status":"passed","time":{"start":1716689271516,"stop":1716689628374,"duration":356858}},{"uid":"d69296f5e113b206","reportUrl":"../56//#testresult/d69296f5e113b206","status":"skipped","statusDetails":"XFAIL reason: aborted\n\n_pytest.outcomes.XFailed: aborted","time":{"start":1716603094797,"stop":1716603094797,"duration":0}},{"uid":"f28be250269d981d","reportUrl":"../55//#testresult/f28be250269d981d","status":"broken","statusDetails":"asyncio.exceptions.TimeoutError: Timed out waiting for model:\nnextcloud/0 [idle] blocked: Nextcloud not initialized.","time":{"start":1716516160075,"stop":1716517162338,"duration":1002263}},{"uid":"afa12edb5704153e","reportUrl":"../53//#testresult/afa12edb5704153e","status":"broken","statusDetails":"asyncio.exceptions.TimeoutError: Timed out waiting for model:\nnextcloud/0 [idle] blocked: Nextcloud not initialized.","time":{"start":1716430426009,"stop":1716431428071,"duration":1002062}},{"uid":"5572b165df789841","reportUrl":"../52//#testresult/5572b165df789841","status":"broken","statusDetails":"asyncio.exceptions.TimeoutError: Timed out waiting for model:\nnextcloud/0 [idle] blocked: Nextcloud not initialized.","time":{"start":1716343782581,"stop":1716344785209,"duration":1002628}},{"uid":"b67ea582b74f07e7","reportUrl":"../49//#testresult/b67ea582b74f07e7","status":"broken","statusDetails":"asyncio.exceptions.TimeoutError: Timed out waiting for model:\nnextcloud/0 [idle] blocked: Nextcloud not initialized.","time":{"start":1716257237192,"stop":1716258239270,"duration":1002078}},{"uid":"675e7a49517ebf93","reportUrl":"../48//#testresult/675e7a49517ebf93","status":"broken","statusDetails":"asyncio.exceptions.TimeoutError: Timed out waiting for model:\nnextcloud/0 [idle] blocked: Nextcloud not initialized.","time":{"start":1716170889916,"stop":1716171892317,"duration":1002401}},{"uid":"2577539970b928f2","reportUrl":"../47//#testresult/2577539970b928f2","status":"broken","statusDetails":"asyncio.exceptions.TimeoutError: Timed out waiting for model:\nnextcloud/0 [idle] blocked: Nextcloud not initialized.","time":{"start":1716084694006,"stop":1716085696709,"duration":1002703}}]},"tags":["asyncio","group(1)"]},"source":"8cbda03ce23cd9a1.json","parameterValues":[]}