[32mINFO    [0m pytest_operator.plugin:plugin.py:834 Model status:

Model  Controller           Cloud/Region         Version  SLA          Timestamp
test   localhost-localhost  localhost/localhost  3.1.7    unsupported  02:11:05Z

App                   Version  Status  Scale  Charm                Channel  Rev  Exposed  Message
mailman3-core                  active      1  mailman3-core        stable    17  no       Ready (source version/commit e1d5a03)
postgresql            14.11    active      2  postgresql                      0  no       Primary
postgresql-test-app            active      1  postgresql-test-app  edge     134  no       
postgresql-test-app2           active      1  postgresql-test-app  edge     134  no       

Unit                     Workload  Agent  Machine  Public address  Ports     Message
mailman3-core/0*         active    idle   2        10.14.0.136     25/tcp    Ready (source version/commit e1d5a03)
postgresql-test-app2/0*  active    idle   10       10.14.0.171               
postgresql-test-app/0*   active    idle   9        10.14.0.210               
postgresql/2             active    idle   3        10.14.0.104     5432/tcp  Primary
postgresql/3*            active    idle   4        10.14.0.138     5432/tcp  

Machine  State    Address      Inst id         Base          AZ  Message
2        started  10.14.0.136  juju-ba348a-2   ubuntu@18.04      Running
3        started  10.14.0.104  juju-ba348a-3   ubuntu@22.04      Running
4        started  10.14.0.138  juju-ba348a-4   ubuntu@22.04      Running
9        started  10.14.0.210  juju-ba348a-9   ubuntu@22.04      Running
10       started  10.14.0.171  juju-ba348a-10  ubuntu@22.04      Running

[32mINFO    [0m pytest_operator.plugin:plugin.py:840 Juju error logs:

machine-0: 01:29:45 ERROR juju.worker.dependency "lxd-container-provisioner" manifold worker returned unexpected error: container types not yet available
machine-0: 01:29:45 ERROR juju.worker.dependency "broker-tracker" manifold worker returned unexpected error: no container types determined
machine-1: 01:29:45 ERROR juju.worker.dependency "broker-tracker" manifold worker returned unexpected error: no container types determined
machine-0: 01:29:45 ERROR juju.worker.dependency "kvm-container-provisioner" manifold worker returned unexpected error: container types not yet available
machine-1: 01:29:45 ERROR juju.worker.dependency "lxd-container-provisioner" manifold worker returned unexpected error: container types not yet available
machine-1: 01:29:45 ERROR juju.worker.dependency "kvm-container-provisioner" manifold worker returned unexpected error: container types not yet available
unit-postgresql-0: 01:29:45 ERROR juju.worker.meterstatus error running "meter-status-changed": charm missing from disk
unit-postgresql-1: 01:29:45 ERROR juju.worker.meterstatus error running "meter-status-changed": charm missing from disk
unit-postgresql-0: 01:33:52 ERROR unit.postgresql/0.juju-log database-peers:0: Failed to list PostgreSQL database users: could not translate host name "None" to address: Temporary failure in name resolution

machine-2: 01:38:38 ERROR juju.worker.dependency "lxd-container-provisioner" manifold worker returned unexpected error: container types not yet available
machine-2: 01:38:38 ERROR juju.worker.dependency "broker-tracker" manifold worker returned unexpected error: no container types determined
machine-2: 01:38:38 ERROR juju.worker.dependency "kvm-container-provisioner" manifold worker returned unexpected error: container types not yet available
unit-mailman3-core-0: 01:38:38 ERROR juju.worker.meterstatus error running "meter-status-changed": charm missing from disk
machine-3: 01:46:09 ERROR juju.worker.dependency "broker-tracker" manifold worker returned unexpected error: no container types determined
machine-3: 01:46:09 ERROR juju.worker.dependency "kvm-container-provisioner" manifold worker returned unexpected error: container types not yet available
machine-3: 01:46:09 ERROR juju.worker.dependency "lxd-container-provisioner" manifold worker returned unexpected error: container types not yet available
unit-postgresql-2: 01:46:10 ERROR juju.worker.meterstatus error running "meter-status-changed": charm missing from disk
machine-4: 01:46:13 ERROR juju.worker.dependency "kvm-container-provisioner" manifold worker returned unexpected error: container types not yet available
machine-4: 01:46:13 ERROR juju.worker.dependency "lxd-container-provisioner" manifold worker returned unexpected error: container types not yet available
machine-4: 01:46:13 ERROR juju.worker.dependency "broker-tracker" manifold worker returned unexpected error: no container types determined
unit-postgresql-3: 01:46:13 ERROR juju.worker.meterstatus error running "meter-status-changed": charm missing from disk
machine-6: 01:57:52 ERROR juju.worker.dependency "kvm-container-provisioner" manifold worker returned unexpected error: container types not yet available
machine-6: 01:57:52 ERROR juju.worker.dependency "broker-tracker" manifold worker returned unexpected error: no container types determined
machine-6: 01:57:52 ERROR juju.worker.dependency "lxd-container-provisioner" manifold worker returned unexpected error: container types not yet available
machine-5: 01:57:52 ERROR juju.worker.dependency "kvm-container-provisioner" manifold worker returned unexpected error: container types not yet available
unit-sentry1-0: 01:57:52 ERROR juju.worker.meterstatus error running "meter-status-changed": charm missing from disk
machine-5: 01:57:52 ERROR juju.worker.dependency "lxd-container-provisioner" manifold worker returned unexpected error: container types not yet available
machine-5: 01:57:52 ERROR juju.worker.dependency "broker-tracker" manifold worker returned unexpected error: no container types determined
unit-redis-0: 01:57:52 ERROR juju.worker.meterstatus error running "meter-status-changed": charm missing from disk
machine-7: 01:58:41 ERROR juju.worker.dependency "broker-tracker" manifold worker returned unexpected error: no container types determined
machine-7: 01:58:41 ERROR juju.worker.dependency "kvm-container-provisioner" manifold worker returned unexpected error: container types not yet available
machine-7: 01:58:41 ERROR juju.worker.dependency "lxd-container-provisioner" manifold worker returned unexpected error: container types not yet available
unit-haproxy-0: 01:58:41 ERROR juju.worker.meterstatus error running "meter-status-changed": charm missing from disk
unit-postgresql-3: 02:00:00 ERROR unit.postgresql/3.juju-log db:7: ERROR - `extensions` (citext) cannot be requested through relations - Please enable extensions through `juju config` and add the relation again.
unit-postgresql-2: 02:03:24 ERROR unit.postgresql/2.juju-log Failed to get PostgreSQL version: connection to server at "10.14.0.104", port 5432 failed: FATAL:  the database system is shutting down

unit-postgresql-2: 02:03:24 ERROR unit.postgresql/2.juju-log 
Traceback (most recent call last):
  File "/var/lib/juju/agents/unit-postgresql-2/charm/lib/charms/postgresql_k8s/v0/postgresql.py", line 418, in get_postgresql_version
    with self._connect_to_database() as connection, connection.cursor() as cursor:
  File "/var/lib/juju/agents/unit-postgresql-2/charm/lib/charms/postgresql_k8s/v0/postgresql.py", line 127, in _connect_to_database
    connection = psycopg2.connect(
  File "/var/lib/juju/agents/unit-postgresql-2/charm/venv/psycopg2/__init__.py", line 122, in connect
    conn = _connect(dsn, connection_factory=connection_factory, **kwasync)
psycopg2.OperationalError: connection to server at "10.14.0.104", port 5432 failed: FATAL:  the database system is shutting down


During handling of the above exception, another exception occurred:

Traceback (most recent call last):
  File "/var/lib/juju/agents/unit-postgresql-2/charm/src/relations/db.py", line 290, in update_endpoints
    postgresql_version = self.charm.postgresql.get_postgresql_version()
  File "/var/lib/juju/agents/unit-postgresql-2/charm/lib/charms/postgresql_k8s/v0/postgresql.py", line 424, in get_postgresql_version
    raise PostgreSQLGetPostgreSQLVersionError()
charms.postgresql_k8s.v0.postgresql.PostgreSQLGetPostgreSQLVersionError
unit-haproxy-0: 02:04:44 ERROR juju.worker.dependency "uniter" manifold worker returned unexpected error: relation scope id "23cb4c8f-59ad-47db-86ba-365b13ba348a:r#8#sentry1": settings 23cb4c8f-59ad-47db-86ba-365b13ba348a:r#8#sentry1 not found (not found)
unit-sentry1-0: 02:04:46 ERROR juju.worker.dependency "uniter" manifold worker returned unexpected error: relation scope id "23cb4c8f-59ad-47db-86ba-365b13ba348a:r#8#haproxy": settings 23cb4c8f-59ad-47db-86ba-365b13ba348a:r#8#haproxy not found (not found)
machine-8: 02:05:25 ERROR juju.worker.dependency "broker-tracker" manifold worker returned unexpected error: no container types determined
machine-8: 02:05:25 ERROR juju.worker.dependency "lxd-container-provisioner" manifold worker returned unexpected error: container types not yet available
machine-8: 02:05:25 ERROR juju.worker.dependency "kvm-container-provisioner" manifold worker returned unexpected error: container types not yet available
unit-sentry2-0: 02:05:25 ERROR juju.worker.meterstatus error running "meter-status-changed": charm missing from disk
machine-9: 02:10:14 ERROR juju.worker.dependency "broker-tracker" manifold worker returned unexpected error: no container types determined
machine-9: 02:10:14 ERROR juju.worker.dependency "kvm-container-provisioner" manifold worker returned unexpected error: container types not yet available
machine-9: 02:10:14 ERROR juju.worker.dependency "lxd-container-provisioner" manifold worker returned unexpected error: container types not yet available
unit-postgresql-test-app-0: 02:10:15 ERROR juju.worker.meterstatus error running "meter-status-changed": charm missing from disk
machine-10: 02:10:15 ERROR juju.worker.dependency "kvm-container-provisioner" manifold worker returned unexpected error: container types not yet available
machine-10: 02:10:15 ERROR juju.worker.dependency "broker-tracker" manifold worker returned unexpected error: no container types determined
machine-10: 02:10:15 ERROR juju.worker.dependency "lxd-container-provisioner" manifold worker returned unexpected error: container types not yet available
unit-postgresql-test-app2-0: 02:10:15 ERROR juju.worker.meterstatus error running "meter-status-changed": charm missing from disk
unit-postgresql-3: 02:10:49 ERROR juju.worker.dependency "uniter" manifold worker returned unexpected error: relation scope id "23cb4c8f-59ad-47db-86ba-365b13ba348a:r#15#postgresql-test-app2": settings 23cb4c8f-59ad-47db-86ba-365b13ba348a:r#15#postgresql-test-app2 not found (not found)

[32mINFO    [0m pytest_operator.plugin:plugin.py:904 Forgetting main...