[32mINFO    [0m juju.model:model.py:2958 Waiting for model:
  pg (waiting for exactly 3 units, current : 4)
[32mINFO    [0m juju.model:model.py:2958 Waiting for model:
  pg/1 [idle] active: 
  pg/2 [executing] active: 
  pg/3 [idle] active: 
[32mINFO    [0m juju.model:model.py:2958 Waiting for model:
  pg/1 [idle] active: 
  pg/2 [idle] active: 
  pg/3 [idle] active: 
[32mINFO    [0m juju.model:model.py:2958 Waiting for model:
  landscape-client/1 [idle] active: Client registered!
  landscape-client/3 [idle] active: Client registered!
  landscape-client/4 [idle] active: Client registered!
  ubuntu-advantage/1 [idle] active: Attached (esm-apps,esm-infra)
  ubuntu-advantage/2 [idle] active: Attached (esm-apps,esm-infra)
  ubuntu-advantage/3 [idle] active: Attached (esm-apps,esm-infra)
  pg/1 [idle] active: 
  pg/2 [idle] active: 
  pg/3 [idle] active:
[32mINFO    [0m pytest_operator.plugin:plugin.py:834 Model status:

Model  Controller           Cloud/Region         Version  SLA          Timestamp
test   localhost-localhost  localhost/localhost  3.1.7    unsupported  01:51:44Z

App               Version  Status  Scale  Charm             Channel        Rev  Exposed  Message
haproxy                    active      1  haproxy           stable          75  yes      Unit is ready
landscape-client           active      3  landscape-client  latest/stable   69  no       Client registered!
landscape-server           active      1  landscape-server  stable         111  no       Unit is ready
pg                14.11    active      3  postgresql                         0  no       
postgresql        14.11    active      1  postgresql        latest/stable  345  no       Live master (14.11)
rabbitmq-server   3.9.13   active      1  rabbitmq-server   3.9/stable     185  no       Unit is ready
ubuntu-advantage           active      3  ubuntu-advantage  latest/stable   79  no       Attached (esm-apps,esm-infra)

Unit                   Workload  Agent  Machine  Public address  Ports           Message
haproxy/0*             active    idle   0        10.2.15.3       80,443/tcp      Unit is ready
landscape-server/0*    active    idle   1        10.2.15.28                      Unit is ready
pg/1                   active    idle   5        10.2.15.144     5432/tcp        
  landscape-client/3   active    idle            10.2.15.144                     Client registered!
  ubuntu-advantage/2   active    idle            10.2.15.144                     Attached (esm-apps,esm-infra)
pg/2*                  active    idle   6        10.2.15.134     5432/tcp        
  landscape-client/1*  active    idle            10.2.15.134                     Client registered!
  ubuntu-advantage/1*  active    idle            10.2.15.134                     Attached (esm-apps,esm-infra)
pg/3                   active    idle   7        10.2.15.109     5432/tcp        
  landscape-client/4   active    idle            10.2.15.109                     Client registered!
  ubuntu-advantage/3   active    idle            10.2.15.109                     Attached (esm-apps,esm-infra)
postgresql/0*          active    idle   2        10.2.15.87      5432/tcp        Live master (14.11)
rabbitmq-server/0*     active    idle   3        10.2.15.54      5672,15672/tcp  Unit is ready

Machine  State    Address      Inst id        Base          AZ  Message
0        started  10.2.15.3    juju-a4286a-0  ubuntu@22.04      Running
1        started  10.2.15.28   juju-a4286a-1  ubuntu@22.04      Running
2        started  10.2.15.87   juju-a4286a-2  ubuntu@22.04      Running
3        started  10.2.15.54   juju-a4286a-3  ubuntu@22.04      Running
5        started  10.2.15.144  juju-a4286a-5  ubuntu@22.04      Running
6        started  10.2.15.134  juju-a4286a-6  ubuntu@22.04      Running
7        started  10.2.15.109  juju-a4286a-7  ubuntu@22.04      Running

[32mINFO    [0m pytest_operator.plugin:plugin.py:840 Juju error logs:

machine-1: 01:31:34 ERROR juju.worker.dependency "broker-tracker" manifold worker returned unexpected error: no container types determined
machine-1: 01:31:34 ERROR juju.worker.dependency "kvm-container-provisioner" manifold worker returned unexpected error: container types not yet available
machine-1: 01:31:34 ERROR juju.worker.dependency "lxd-container-provisioner" manifold worker returned unexpected error: container types not yet available
unit-landscape-server-0: 01:31:34 ERROR juju.worker.meterstatus error running "meter-status-changed": charm missing from disk
machine-0: 01:31:34 ERROR juju.worker.dependency "lxd-container-provisioner" manifold worker returned unexpected error: container types not yet available
machine-0: 01:31:34 ERROR juju.worker.dependency "broker-tracker" manifold worker returned unexpected error: no container types determined
machine-0: 01:31:34 ERROR juju.worker.dependency "kvm-container-provisioner" manifold worker returned unexpected error: container types not yet available
unit-haproxy-0: 01:31:34 ERROR juju.worker.meterstatus error running "meter-status-changed": charm missing from disk
machine-2: 01:31:36 ERROR juju.worker.dependency "lxd-container-provisioner" manifold worker returned unexpected error: container types not yet available
machine-2: 01:31:36 ERROR juju.worker.dependency "broker-tracker" manifold worker returned unexpected error: no container types determined
machine-2: 01:31:36 ERROR juju.worker.dependency "kvm-container-provisioner" manifold worker returned unexpected error: container types not yet available
unit-postgresql-0: 01:31:36 ERROR juju.worker.meterstatus error running "meter-status-changed": charm missing from disk
machine-4: 01:31:43 ERROR juju.worker.dependency "broker-tracker" manifold worker returned unexpected error: no container types determined
machine-4: 01:31:43 ERROR juju.worker.dependency "kvm-container-provisioner" manifold worker returned unexpected error: container types not yet available
machine-4: 01:31:43 ERROR juju.worker.dependency "lxd-container-provisioner" manifold worker returned unexpected error: container types not yet available
unit-pg-0: 01:31:43 ERROR juju.worker.meterstatus error running "meter-status-changed": charm missing from disk
machine-5: 01:31:48 ERROR juju.worker.dependency "broker-tracker" manifold worker returned unexpected error: no container types determined
machine-5: 01:31:48 ERROR juju.worker.dependency "kvm-container-provisioner" manifold worker returned unexpected error: container types not yet available
machine-5: 01:31:48 ERROR juju.worker.dependency "lxd-container-provisioner" manifold worker returned unexpected error: container types not yet available
unit-pg-1: 01:31:48 ERROR juju.worker.meterstatus error running "meter-status-changed": charm missing from disk
machine-3: 01:31:48 ERROR juju.worker.dependency "broker-tracker" manifold worker returned unexpected error: no container types determined
machine-3: 01:31:48 ERROR juju.worker.dependency "kvm-container-provisioner" manifold worker returned unexpected error: container types not yet available
machine-3: 01:31:48 ERROR juju.worker.dependency "lxd-container-provisioner" manifold worker returned unexpected error: container types not yet available
unit-rabbitmq-server-0: 01:31:49 ERROR juju.worker.meterstatus error running "meter-status-changed": charm missing from disk
machine-6: 01:31:51 ERROR juju.worker.dependency "broker-tracker" manifold worker returned unexpected error: no container types determined
machine-6: 01:31:51 ERROR juju.worker.dependency "kvm-container-provisioner" manifold worker returned unexpected error: container types not yet available
machine-6: 01:31:51 ERROR juju.worker.dependency "lxd-container-provisioner" manifold worker returned unexpected error: container types not yet available
unit-pg-2: 01:31:51 ERROR juju.worker.meterstatus error running "meter-status-changed": charm missing from disk
unit-postgresql-0: 01:34:32 ERROR unit.postgresql/0.juju-log Unable to find implementation for relation: provides of block-storage
unit-postgresql-0: 01:34:32 ERROR unit.postgresql/0.juju-log Unable to find implementation for relation: provides of local-monitors
unit-postgresql-0: 01:34:32 ERROR unit.postgresql/0.juju-log Unable to find implementation for relation: provides of pgreplication
unit-postgresql-0: 01:34:32 ERROR unit.postgresql/0.juju-log Unable to find implementation for relation: peers of pgpeer
unit-landscape-server-0: 01:34:35 ERROR unit.landscape-server/0.juju-log Bootstrap account waiting on default root url..
unit-postgresql-0: 01:35:07 ERROR unit.postgresql/0.juju-log replication:4: Unable to find implementation for relation: provides of block-storage
unit-postgresql-0: 01:35:07 ERROR unit.postgresql/0.juju-log replication:4: Unable to find implementation for relation: provides of local-monitors
unit-postgresql-0: 01:35:07 ERROR unit.postgresql/0.juju-log replication:4: Unable to find implementation for relation: provides of pgreplication
unit-postgresql-0: 01:35:07 ERROR unit.postgresql/0.juju-log replication:4: Unable to find implementation for relation: peers of pgpeer
unit-postgresql-0: 01:35:17 ERROR unit.postgresql/0.juju-log coordinator:3: Unable to find implementation for relation: provides of block-storage
unit-postgresql-0: 01:35:17 ERROR unit.postgresql/0.juju-log coordinator:3: Unable to find implementation for relation: provides of local-monitors
unit-postgresql-0: 01:35:17 ERROR unit.postgresql/0.juju-log coordinator:3: Unable to find implementation for relation: provides of pgreplication
unit-postgresql-0: 01:35:17 ERROR unit.postgresql/0.juju-log coordinator:3: Unable to find implementation for relation: peers of pgpeer
unit-postgresql-0: 01:35:26 ERROR unit.postgresql/0.juju-log db-admin:7: Unable to find implementation for relation: provides of block-storage
unit-postgresql-0: 01:35:26 ERROR unit.postgresql/0.juju-log db-admin:7: Unable to find implementation for relation: provides of local-monitors
unit-postgresql-0: 01:35:26 ERROR unit.postgresql/0.juju-log db-admin:7: Unable to find implementation for relation: provides of pgreplication
unit-postgresql-0: 01:35:26 ERROR unit.postgresql/0.juju-log db-admin:7: Unable to find implementation for relation: peers of pgpeer
unit-postgresql-0: 01:35:35 ERROR unit.postgresql/0.juju-log Unable to find implementation for relation: provides of block-storage
unit-postgresql-0: 01:35:35 ERROR unit.postgresql/0.juju-log Unable to find implementation for relation: provides of local-monitors
unit-postgresql-0: 01:35:35 ERROR unit.postgresql/0.juju-log Unable to find implementation for relation: provides of pgreplication
unit-postgresql-0: 01:35:35 ERROR unit.postgresql/0.juju-log Unable to find implementation for relation: peers of pgpeer
unit-postgresql-0: 01:35:38 ERROR unit.postgresql/0.juju-log Unable to find implementation for relation: provides of block-storage
unit-postgresql-0: 01:35:38 ERROR unit.postgresql/0.juju-log Unable to find implementation for relation: provides of local-monitors
unit-postgresql-0: 01:35:38 ERROR unit.postgresql/0.juju-log Unable to find implementation for relation: provides of pgreplication
unit-postgresql-0: 01:35:38 ERROR unit.postgresql/0.juju-log Unable to find implementation for relation: peers of pgpeer
unit-postgresql-0: 01:35:46 ERROR unit.postgresql/0.juju-log Unable to find implementation for relation: provides of block-storage
unit-postgresql-0: 01:35:46 ERROR unit.postgresql/0.juju-log Unable to find implementation for relation: provides of local-monitors
unit-postgresql-0: 01:35:46 ERROR unit.postgresql/0.juju-log Unable to find implementation for relation: provides of pgreplication
unit-postgresql-0: 01:35:46 ERROR unit.postgresql/0.juju-log Unable to find implementation for relation: peers of pgpeer
unit-postgresql-0: 01:35:55 ERROR unit.postgresql/0.juju-log db-admin:7: Unable to find implementation for relation: provides of block-storage
unit-postgresql-0: 01:35:55 ERROR unit.postgresql/0.juju-log db-admin:7: Unable to find implementation for relation: provides of local-monitors
unit-postgresql-0: 01:35:55 ERROR unit.postgresql/0.juju-log db-admin:7: Unable to find implementation for relation: provides of pgreplication
unit-postgresql-0: 01:35:55 ERROR unit.postgresql/0.juju-log db-admin:7: Unable to find implementation for relation: peers of pgpeer
unit-postgresql-0: 01:36:05 ERROR unit.postgresql/0.juju-log db-admin:7: Unable to find implementation for relation: provides of block-storage
unit-postgresql-0: 01:36:05 ERROR unit.postgresql/0.juju-log db-admin:7: Unable to find implementation for relation: provides of local-monitors
unit-postgresql-0: 01:36:05 ERROR unit.postgresql/0.juju-log db-admin:7: Unable to find implementation for relation: provides of pgreplication
unit-postgresql-0: 01:36:05 ERROR unit.postgresql/0.juju-log db-admin:7: Unable to find implementation for relation: peers of pgpeer
unit-postgresql-0: 01:40:16 ERROR unit.postgresql/0.juju-log Unable to find implementation for relation: provides of block-storage
unit-postgresql-0: 01:40:16 ERROR unit.postgresql/0.juju-log Unable to find implementation for relation: provides of local-monitors
unit-postgresql-0: 01:40:16 ERROR unit.postgresql/0.juju-log Unable to find implementation for relation: provides of pgreplication
unit-postgresql-0: 01:40:16 ERROR unit.postgresql/0.juju-log Unable to find implementation for relation: peers of pgpeer
unit-landscape-client-1: 01:42:38 ERROR juju.worker.meterstatus error running "meter-status-changed": charm missing from disk
unit-landscape-client-0: 01:42:38 ERROR juju.worker.meterstatus error running "meter-status-changed": charm missing from disk
unit-landscape-client-3: 01:42:38 ERROR juju.worker.meterstatus error running "meter-status-changed": charm missing from disk
unit-ubuntu-advantage-0: 01:42:38 ERROR juju.worker.meterstatus error running "meter-status-changed": charm missing from disk
unit-ubuntu-advantage-1: 01:42:38 ERROR juju.worker.meterstatus error running "meter-status-changed": charm missing from disk
unit-ubuntu-advantage-2: 01:42:52 ERROR unit.unit-ubuntu-advantage-2.juju-log Uncaught exception while in charm code:
Traceback (most recent call last):
  File "/var/lib/juju/agents/unit-ubuntu-advantage-2/charm/venv/ops/model.py", line 2183, in _run
    result = run(args, **kwargs)
  File "/usr/lib/python3.10/subprocess.py", line 526, in run
    raise CalledProcessError(retcode, process.args,
subprocess.CalledProcessError: Command '('/var/lib/juju/tools/unit-ubuntu-advantage-2/config-get', '--format=json')' returned non-zero exit status 1.

During handling of the above exception, another exception occurred:

Traceback (most recent call last):
  File "/var/lib/juju/agents/unit-ubuntu-advantage-2/charm/./src/charm.py", line 210, in <module>
    main(UbuntuAdvantageCharm)
  File "/var/lib/juju/agents/unit-ubuntu-advantage-2/charm/venv/ops/main.py", line 426, in main
    charm = charm_class(framework)
  File "/var/lib/juju/agents/unit-ubuntu-advantage-2/charm/./src/charm.py", line 69, in __init__
    self._setup_proxy_env()
  File "/var/lib/juju/agents/unit-ubuntu-advantage-2/charm/./src/charm.py", line 79, in _setup_proxy_env
    self.env["http_proxy"] = self.config.get("override-http-proxy") or self.env.get(
  File "/usr/lib/python3.10/_collections_abc.py", line 824, in get
    return self[key]
  File "/var/lib/juju/agents/unit-ubuntu-advantage-2/charm/venv/ops/model.py", line 547, in __getitem__
    return self._data[key]
  File "/var/lib/juju/agents/unit-ubuntu-advantage-2/charm/venv/ops/model.py", line 531, in _data
    data = self._lazy_data = self._load()
  File "/var/lib/juju/agents/unit-ubuntu-advantage-2/charm/venv/ops/model.py", line 1092, in _load
    return self._backend.config_get()
  File "/var/lib/juju/agents/unit-ubuntu-advantage-2/charm/venv/ops/model.py", line 2299, in config_get
    out = self._run('config-get', return_output=True, use_json=True)
  File "/var/lib/juju/agents/unit-ubuntu-advantage-2/charm/venv/ops/model.py", line 2189, in _run
    raise ModelError(e.stderr)
ops.model.ModelError: b'ERROR not implemented for restricted context not implemented\n'
unit-ubuntu-advantage-2: 01:42:52 ERROR juju.worker.meterstatus error running "meter-status-changed": exit status 1
machine-7: 01:45:26 ERROR juju.worker.dependency "kvm-container-provisioner" manifold worker returned unexpected error: container types not yet available
machine-7: 01:45:26 ERROR juju.worker.dependency "lxd-container-provisioner" manifold worker returned unexpected error: container types not yet available
machine-7: 01:45:26 ERROR juju.worker.dependency "broker-tracker" manifold worker returned unexpected error: no container types determined
unit-pg-3: 01:45:26 ERROR juju.worker.meterstatus error running "meter-status-changed": charm missing from disk
unit-landscape-client-4: 01:46:02 ERROR juju.worker.meterstatus error running "meter-status-changed": charm missing from disk
unit-ubuntu-advantage-3: 01:46:02 ERROR juju.worker.meterstatus error running "meter-status-changed": charm missing from disk
unit-postgresql-0: 01:46:11 ERROR unit.postgresql/0.juju-log Unable to find implementation for relation: provides of block-storage
unit-postgresql-0: 01:46:11 ERROR unit.postgresql/0.juju-log Unable to find implementation for relation: provides of local-monitors
unit-postgresql-0: 01:46:11 ERROR unit.postgresql/0.juju-log Unable to find implementation for relation: provides of pgreplication
unit-postgresql-0: 01:46:11 ERROR unit.postgresql/0.juju-log Unable to find implementation for relation: peers of pgpeer
unit-postgresql-0: 01:50:16 ERROR unit.postgresql/0.juju-log Unable to find implementation for relation: provides of block-storage
unit-postgresql-0: 01:50:16 ERROR unit.postgresql/0.juju-log Unable to find implementation for relation: provides of local-monitors
unit-postgresql-0: 01:50:16 ERROR unit.postgresql/0.juju-log Unable to find implementation for relation: provides of pgreplication
unit-postgresql-0: 01:50:16 ERROR unit.postgresql/0.juju-log Unable to find implementation for relation: peers of pgpeer

[32mINFO    [0m pytest_operator.plugin:plugin.py:904 Forgetting main...