[32mINFO    [0m pytest_operator.plugin:plugin.py:834 Model status:

Model  Controller           Cloud/Region         Version  SLA          Timestamp
test   localhost-localhost  localhost/localhost  3.1.7    unsupported  02:38:24Z

App                   Version  Status   Scale  Charm                Channel        Rev  Exposed  Message
haproxy                        active       1  haproxy              latest/stable   75  no       Unit is ready
mailman3-core                  active       1  mailman3-core        stable          17  no       Ready (source version/commit e1d5a03)
postgresql            14.11    blocked      2  postgresql                            0  no       Failed to initialize db relation
postgresql-test-app            active       1  postgresql-test-app  edge           144  no       
postgresql-test-app2           active       1  postgresql-test-app  edge           144  no       
redis                 5.0.5    active       1  omnivector-redis     latest/stable   27  no       Redis singleton available
sentry1                        active       1  omnivector-sentry    latest/stable   19  no       Sentry available

Unit                     Workload  Agent  Machine  Public address  Ports     Message
haproxy/0*               active    idle   7        10.74.8.84      80/tcp    Unit is ready
mailman3-core/0*         active    idle   2        10.74.8.119     25/tcp    Ready (source version/commit e1d5a03)
postgresql-test-app2/0*  active    idle   9        10.74.8.43                
postgresql-test-app/0*   active    idle   8        10.74.8.73                
postgresql/2             active    idle   3        10.74.8.82      5432/tcp  Primary
postgresql/3*            blocked   idle   4        10.74.8.175     5432/tcp  Failed to initialize db relation
redis/0*                 active    idle   6        10.74.8.144     6379/tcp  Redis singleton available
sentry1/0*               active    idle   5        10.74.8.122     9000/tcp  Sentry available

Machine  State    Address      Inst id        Base          AZ  Message
2        started  10.74.8.119  juju-3cd8d2-2  ubuntu@18.04      Running
3        started  10.74.8.82   juju-3cd8d2-3  ubuntu@22.04      Running
4        started  10.74.8.175  juju-3cd8d2-4  ubuntu@22.04      Running
5        started  10.74.8.122  juju-3cd8d2-5  ubuntu@18.04      Running
6        started  10.74.8.144  juju-3cd8d2-6  ubuntu@18.04      Running
7        started  10.74.8.84   juju-3cd8d2-7  ubuntu@20.04      Running
8        started  10.74.8.73   juju-3cd8d2-8  ubuntu@22.04      Running
9        started  10.74.8.43   juju-3cd8d2-9  ubuntu@22.04      Running

[32mINFO    [0m pytest_operator.plugin:plugin.py:840 Juju error logs:

machine-1: 01:38:55 ERROR juju.worker.dependency "kvm-container-provisioner" manifold worker returned unexpected error: container types not yet available
machine-1: 01:38:55 ERROR juju.worker.dependency "lxd-container-provisioner" manifold worker returned unexpected error: container types not yet available
machine-1: 01:38:55 ERROR juju.worker.dependency "broker-tracker" manifold worker returned unexpected error: no container types determined
unit-postgresql-1: 01:38:55 ERROR juju.worker.meterstatus error running "meter-status-changed": charm missing from disk
machine-0: 01:38:59 ERROR juju.worker.dependency "lxd-container-provisioner" manifold worker returned unexpected error: container types not yet available
machine-0: 01:38:59 ERROR juju.worker.dependency "kvm-container-provisioner" manifold worker returned unexpected error: container types not yet available
machine-0: 01:38:59 ERROR juju.worker.dependency "broker-tracker" manifold worker returned unexpected error: no container types determined
unit-postgresql-0: 01:38:59 ERROR juju.worker.meterstatus error running "meter-status-changed": charm missing from disk
machine-2: 01:47:25 ERROR juju.worker.dependency "kvm-container-provisioner" manifold worker returned unexpected error: container types not yet available
machine-2: 01:47:25 ERROR juju.worker.dependency "lxd-container-provisioner" manifold worker returned unexpected error: container types not yet available
machine-2: 01:47:25 ERROR juju.worker.dependency "broker-tracker" manifold worker returned unexpected error: no container types determined
unit-mailman3-core-0: 01:47:25 ERROR juju.worker.meterstatus error running "meter-status-changed": charm missing from disk
machine-4: 01:57:42 ERROR juju.worker.dependency "broker-tracker" manifold worker returned unexpected error: no container types determined
machine-4: 01:57:42 ERROR juju.worker.dependency "kvm-container-provisioner" manifold worker returned unexpected error: container types not yet available
machine-4: 01:57:42 ERROR juju.worker.dependency "lxd-container-provisioner" manifold worker returned unexpected error: container types not yet available
unit-postgresql-3: 01:57:42 ERROR juju.worker.meterstatus error running "meter-status-changed": charm missing from disk
machine-3: 01:57:46 ERROR juju.worker.dependency "lxd-container-provisioner" manifold worker returned unexpected error: container types not yet available
machine-3: 01:57:46 ERROR juju.worker.dependency "kvm-container-provisioner" manifold worker returned unexpected error: container types not yet available
machine-3: 01:57:46 ERROR juju.worker.dependency "broker-tracker" manifold worker returned unexpected error: no container types determined
unit-postgresql-2: 01:57:46 ERROR juju.worker.meterstatus error running "meter-status-changed": charm missing from disk
machine-6: 02:08:47 ERROR juju.worker.dependency "broker-tracker" manifold worker returned unexpected error: no container types determined
machine-6: 02:08:47 ERROR juju.worker.dependency "lxd-container-provisioner" manifold worker returned unexpected error: container types not yet available
machine-6: 02:08:47 ERROR juju.worker.dependency "kvm-container-provisioner" manifold worker returned unexpected error: container types not yet available
unit-redis-0: 02:08:47 ERROR juju.worker.meterstatus error running "meter-status-changed": charm missing from disk
machine-5: 02:08:51 ERROR juju.worker.dependency "lxd-container-provisioner" manifold worker returned unexpected error: container types not yet available
machine-5: 02:08:51 ERROR juju.worker.dependency "kvm-container-provisioner" manifold worker returned unexpected error: container types not yet available
machine-5: 02:08:51 ERROR juju.worker.dependency "broker-tracker" manifold worker returned unexpected error: no container types determined
unit-sentry1-0: 02:08:51 ERROR juju.worker.meterstatus error running "meter-status-changed": charm missing from disk
machine-7: 02:11:09 ERROR juju.worker.dependency "kvm-container-provisioner" manifold worker returned unexpected error: container types not yet available
machine-7: 02:11:10 ERROR juju.worker.dependency "lxd-container-provisioner" manifold worker returned unexpected error: container types not yet available
machine-7: 02:11:10 ERROR juju.worker.dependency "broker-tracker" manifold worker returned unexpected error: no container types determined
unit-haproxy-0: 02:11:10 ERROR juju.worker.meterstatus error running "meter-status-changed": charm missing from disk
unit-postgresql-3: 02:11:39 ERROR unit.postgresql/3.juju-log db:6: ERROR - `extensions` (citext) cannot be requested through relations - Please enable extensions through `juju config` and add the relation again.
unit-postgresql-3: 02:12:25 ERROR unit.postgresql/3.juju-log db:6: Failed to create database: tuple concurrently updated

unit-postgresql-3: 02:12:25 ERROR unit.postgresql/3.juju-log db:6: 
Traceback (most recent call last):
  File "/var/lib/juju/agents/unit-postgresql-3/charm/lib/charms/postgresql_k8s/v0/postgresql.py", line 181, in create_database
    curs.execute(statement)
psycopg2.errors.InternalError_: tuple concurrently updated


During handling of the above exception, another exception occurred:

Traceback (most recent call last):
  File "/var/lib/juju/agents/unit-postgresql-3/charm/src/relations/db.py", line 187, in set_up_relation
    self.charm.postgresql.create_database(
  File "/var/lib/juju/agents/unit-postgresql-3/charm/lib/charms/postgresql_k8s/v0/postgresql.py", line 184, in create_database
    raise PostgreSQLCreateDatabaseError()
charms.postgresql_k8s.v0.postgresql.PostgreSQLCreateDatabaseError
machine-9: 02:24:14 ERROR juju.worker.dependency "lxd-container-provisioner" manifold worker returned unexpected error: container types not yet available
machine-9: 02:24:14 ERROR juju.worker.dependency "kvm-container-provisioner" manifold worker returned unexpected error: container types not yet available
machine-9: 02:24:14 ERROR juju.worker.dependency "broker-tracker" manifold worker returned unexpected error: no container types determined
unit-postgresql-test-app2-0: 02:24:14 ERROR juju.worker.meterstatus error running "meter-status-changed": charm missing from disk
machine-8: 02:24:19 ERROR juju.worker.dependency "lxd-container-provisioner" manifold worker returned unexpected error: container types not yet available
machine-8: 02:24:19 ERROR juju.worker.dependency "kvm-container-provisioner" manifold worker returned unexpected error: container types not yet available
machine-8: 02:24:19 ERROR juju.worker.dependency "broker-tracker" manifold worker returned unexpected error: no container types determined
unit-postgresql-test-app-0: 02:24:19 ERROR juju.worker.meterstatus error running "meter-status-changed": charm missing from disk

[32mINFO    [0m pytest_operator.plugin:plugin.py:904 Forgetting main...