{"uid":"9eadf5a9f68921d2","name":"test_landscape_scalable_bundle_db","fullName":"tests.integration.test_db_admin#test_landscape_scalable_bundle_db","historyId":"59582530be6d9d50d6da4914c77954ea","time":{"start":1712971430710,"stop":1712974460751,"duration":3030041},"description":"Deploy Landscape Scalable Bundle to test the 'db-admin' relation.","descriptionHtml":"<p>Deploy Landscape Scalable Bundle to test the 'db-admin' relation.</p>\n","status":"broken","statusMessage":"asyncio.exceptions.TimeoutError: Timed out waiting for model:\npostgresql/0 [idle] active: \n  postgresql/1 [idle] active: Primary\n  postgresql/2 [idle] waiting: awaiting for member to start","statusTrace":"Traceback (most recent call last):\n  File \"/home/ubuntu/github-runner/_work/test-runners-self-hosted-postgresql-operator/test-runners-self-hosted-postgresql-operator/.tox/integration/lib/python3.10/site-packages/_pytest/runner.py\", line 340, in from_call\n    result: Optional[TResult] = func()\n  File \"/home/ubuntu/github-runner/_work/test-runners-self-hosted-postgresql-operator/test-runners-self-hosted-postgresql-operator/.tox/integration/lib/python3.10/site-packages/_pytest/runner.py\", line 240, in <lambda>\n    lambda: runtest_hook(item=item, **kwds), when=when, reraise=reraise\n  File \"/home/ubuntu/github-runner/_work/test-runners-self-hosted-postgresql-operator/test-runners-self-hosted-postgresql-operator/.tox/integration/lib/python3.10/site-packages/pluggy/_hooks.py\", line 501, in __call__\n    return self._hookexec(self.name, self._hookimpls.copy(), kwargs, firstresult)\n  File \"/home/ubuntu/github-runner/_work/test-runners-self-hosted-postgresql-operator/test-runners-self-hosted-postgresql-operator/.tox/integration/lib/python3.10/site-packages/pluggy/_manager.py\", line 119, in _hookexec\n    return self._inner_hookexec(hook_name, methods, kwargs, firstresult)\n  File \"/home/ubuntu/github-runner/_work/test-runners-self-hosted-postgresql-operator/test-runners-self-hosted-postgresql-operator/.tox/integration/lib/python3.10/site-packages/pluggy/_callers.py\", line 181, in _multicall\n    return outcome.get_result()\n  File \"/home/ubuntu/github-runner/_work/test-runners-self-hosted-postgresql-operator/test-runners-self-hosted-postgresql-operator/.tox/integration/lib/python3.10/site-packages/pluggy/_result.py\", line 99, in get_result\n    raise exc.with_traceback(exc.__traceback__)\n  File \"/home/ubuntu/github-runner/_work/test-runners-self-hosted-postgresql-operator/test-runners-self-hosted-postgresql-operator/.tox/integration/lib/python3.10/site-packages/pluggy/_callers.py\", line 166, in _multicall\n    teardown.throw(outcome._exception)\n  File \"/home/ubuntu/github-runner/_work/test-runners-self-hosted-postgresql-operator/test-runners-self-hosted-postgresql-operator/.tox/integration/lib/python3.10/site-packages/_pytest/threadexception.py\", line 87, in pytest_runtest_call\n    yield from thread_exception_runtest_hook()\n  File \"/home/ubuntu/github-runner/_work/test-runners-self-hosted-postgresql-operator/test-runners-self-hosted-postgresql-operator/.tox/integration/lib/python3.10/site-packages/_pytest/threadexception.py\", line 63, in thread_exception_runtest_hook\n    yield\n  File \"/home/ubuntu/github-runner/_work/test-runners-self-hosted-postgresql-operator/test-runners-self-hosted-postgresql-operator/.tox/integration/lib/python3.10/site-packages/pluggy/_callers.py\", line 166, in _multicall\n    teardown.throw(outcome._exception)\n  File \"/home/ubuntu/github-runner/_work/test-runners-self-hosted-postgresql-operator/test-runners-self-hosted-postgresql-operator/.tox/integration/lib/python3.10/site-packages/_pytest/unraisableexception.py\", line 90, in pytest_runtest_call\n    yield from unraisable_exception_runtest_hook()\n  File \"/home/ubuntu/github-runner/_work/test-runners-self-hosted-postgresql-operator/test-runners-self-hosted-postgresql-operator/.tox/integration/lib/python3.10/site-packages/_pytest/unraisableexception.py\", line 65, in unraisable_exception_runtest_hook\n    yield\n  File \"/home/ubuntu/github-runner/_work/test-runners-self-hosted-postgresql-operator/test-runners-self-hosted-postgresql-operator/.tox/integration/lib/python3.10/site-packages/pluggy/_callers.py\", line 166, in _multicall\n    teardown.throw(outcome._exception)\n  File \"/home/ubuntu/github-runner/_work/test-runners-self-hosted-postgresql-operator/test-runners-self-hosted-postgresql-operator/.tox/integration/lib/python3.10/site-packages/_pytest/logging.py\", line 849, in pytest_runtest_call\n    yield from self._runtest_for(item, \"call\")\n  File \"/home/ubuntu/github-runner/_work/test-runners-self-hosted-postgresql-operator/test-runners-self-hosted-postgresql-operator/.tox/integration/lib/python3.10/site-packages/_pytest/logging.py\", line 832, in _runtest_for\n    yield\n  File \"/home/ubuntu/github-runner/_work/test-runners-self-hosted-postgresql-operator/test-runners-self-hosted-postgresql-operator/.tox/integration/lib/python3.10/site-packages/pluggy/_callers.py\", line 166, in _multicall\n    teardown.throw(outcome._exception)\n  File \"/home/ubuntu/github-runner/_work/test-runners-self-hosted-postgresql-operator/test-runners-self-hosted-postgresql-operator/.tox/integration/lib/python3.10/site-packages/_pytest/capture.py\", line 883, in pytest_runtest_call\n    return (yield)\n  File \"/home/ubuntu/github-runner/_work/test-runners-self-hosted-postgresql-operator/test-runners-self-hosted-postgresql-operator/.tox/integration/lib/python3.10/site-packages/pluggy/_callers.py\", line 166, in _multicall\n    teardown.throw(outcome._exception)\n  File \"/home/ubuntu/github-runner/_work/test-runners-self-hosted-postgresql-operator/test-runners-self-hosted-postgresql-operator/.tox/integration/lib/python3.10/site-packages/_pytest/skipping.py\", line 256, in pytest_runtest_call\n    return (yield)\n  File \"/home/ubuntu/github-runner/_work/test-runners-self-hosted-postgresql-operator/test-runners-self-hosted-postgresql-operator/.tox/integration/lib/python3.10/site-packages/pluggy/_callers.py\", line 102, in _multicall\n    res = hook_impl.function(*args)\n  File \"/home/ubuntu/github-runner/_work/test-runners-self-hosted-postgresql-operator/test-runners-self-hosted-postgresql-operator/.tox/integration/lib/python3.10/site-packages/_pytest/runner.py\", line 182, in pytest_runtest_call\n    raise e\n  File \"/home/ubuntu/github-runner/_work/test-runners-self-hosted-postgresql-operator/test-runners-self-hosted-postgresql-operator/.tox/integration/lib/python3.10/site-packages/_pytest/runner.py\", line 172, in pytest_runtest_call\n    item.runtest()\n  File \"/home/ubuntu/github-runner/_work/test-runners-self-hosted-postgresql-operator/test-runners-self-hosted-postgresql-operator/.tox/integration/lib/python3.10/site-packages/_pytest/python.py\", line 1772, in runtest\n    self.ihook.pytest_pyfunc_call(pyfuncitem=self)\n  File \"/home/ubuntu/github-runner/_work/test-runners-self-hosted-postgresql-operator/test-runners-self-hosted-postgresql-operator/.tox/integration/lib/python3.10/site-packages/pluggy/_hooks.py\", line 501, in __call__\n    return self._hookexec(self.name, self._hookimpls.copy(), kwargs, firstresult)\n  File \"/home/ubuntu/github-runner/_work/test-runners-self-hosted-postgresql-operator/test-runners-self-hosted-postgresql-operator/.tox/integration/lib/python3.10/site-packages/pluggy/_manager.py\", line 119, in _hookexec\n    return self._inner_hookexec(hook_name, methods, kwargs, firstresult)\n  File \"/home/ubuntu/github-runner/_work/test-runners-self-hosted-postgresql-operator/test-runners-self-hosted-postgresql-operator/.tox/integration/lib/python3.10/site-packages/pluggy/_callers.py\", line 181, in _multicall\n    return outcome.get_result()\n  File \"/home/ubuntu/github-runner/_work/test-runners-self-hosted-postgresql-operator/test-runners-self-hosted-postgresql-operator/.tox/integration/lib/python3.10/site-packages/pluggy/_result.py\", line 99, in get_result\n    raise exc.with_traceback(exc.__traceback__)\n  File \"/home/ubuntu/github-runner/_work/test-runners-self-hosted-postgresql-operator/test-runners-self-hosted-postgresql-operator/.tox/integration/lib/python3.10/site-packages/pluggy/_callers.py\", line 102, in _multicall\n    res = hook_impl.function(*args)\n  File \"/home/ubuntu/github-runner/_work/test-runners-self-hosted-postgresql-operator/test-runners-self-hosted-postgresql-operator/.tox/integration/lib/python3.10/site-packages/_pytest/python.py\", line 195, in pytest_pyfunc_call\n    result = testfunction(**testargs)\n  File \"/home/ubuntu/github-runner/_work/test-runners-self-hosted-postgresql-operator/test-runners-self-hosted-postgresql-operator/.tox/integration/lib/python3.10/site-packages/pytest_asyncio/plugin.py\", line 532, in inner\n    _loop.run_until_complete(task)\n  File \"/usr/lib/python3.10/asyncio/base_events.py\", line 649, in run_until_complete\n    return future.result()\n  File \"/home/ubuntu/github-runner/_work/test-runners-self-hosted-postgresql-operator/test-runners-self-hosted-postgresql-operator/tests/integration/test_db_admin.py\", line 52, in test_landscape_scalable_bundle_db\n    relation_id = await deploy_and_relate_bundle_with_postgresql(\n  File \"/home/ubuntu/github-runner/_work/test-runners-self-hosted-postgresql-operator/test-runners-self-hosted-postgresql-operator/tests/integration/helpers.py\", line 441, in deploy_and_relate_bundle_with_postgresql\n    await asyncio.gather(*awaits)\n  File \"/home/ubuntu/github-runner/_work/test-runners-self-hosted-postgresql-operator/test-runners-self-hosted-postgresql-operator/.tox/integration/lib/python3.10/site-packages/juju/model.py\", line 2956, in wait_for_idle\n    raise jasyncio.TimeoutError(\"Timed out waiting for model:\\n\" + busy)\nasyncio.exceptions.TimeoutError: Timed out waiting for model:\npostgresql/0 [idle] active: \n  postgresql/1 [idle] active: Primary\n  postgresql/2 [idle] waiting: awaiting for member to start","flaky":false,"newFailed":false,"newBroken":false,"newPassed":false,"retriesCount":0,"retriesStatusChange":false,"beforeStages":[{"name":"event_loop","time":{"start":1712971430486,"stop":1712971430487,"duration":1},"status":"passed","steps":[],"attachments":[],"parameters":[],"stepsCount":0,"shouldDisplayMessage":false,"attachmentsCount":0,"hasContent":false,"attachmentStep":false},{"name":"tmp_path_factory","time":{"start":1712971430487,"stop":1712971430487,"duration":0},"status":"passed","steps":[],"attachments":[],"parameters":[],"stepsCount":0,"shouldDisplayMessage":false,"attachmentsCount":0,"hasContent":false,"attachmentStep":false},{"name":"ops_test","time":{"start":1712971430487,"stop":1712971430708,"duration":221},"status":"passed","steps":[],"attachments":[],"parameters":[],"stepsCount":0,"shouldDisplayMessage":false,"attachmentsCount":0,"hasContent":false,"attachmentStep":false},{"name":"charm","time":{"start":1712971430709,"stop":1712971430709,"duration":0},"status":"passed","steps":[],"attachments":[],"parameters":[],"stepsCount":0,"shouldDisplayMessage":false,"attachmentsCount":0,"hasContent":false,"attachmentStep":false},{"name":"abort_on_fail","time":{"start":1712971430710,"stop":1712971430710,"duration":0},"status":"passed","steps":[],"attachments":[],"parameters":[],"stepsCount":0,"shouldDisplayMessage":false,"attachmentsCount":0,"hasContent":false,"attachmentStep":false}],"testStage":{"description":"Deploy Landscape Scalable Bundle to test the 'db-admin' relation.","status":"broken","statusMessage":"asyncio.exceptions.TimeoutError: Timed out waiting for model:\npostgresql/0 [idle] active: \n  postgresql/1 [idle] active: Primary\n  postgresql/2 [idle] waiting: awaiting for member to start","statusTrace":"Traceback (most recent call last):\n  File \"/home/ubuntu/github-runner/_work/test-runners-self-hosted-postgresql-operator/test-runners-self-hosted-postgresql-operator/.tox/integration/lib/python3.10/site-packages/_pytest/runner.py\", line 340, in from_call\n    result: Optional[TResult] = func()\n  File \"/home/ubuntu/github-runner/_work/test-runners-self-hosted-postgresql-operator/test-runners-self-hosted-postgresql-operator/.tox/integration/lib/python3.10/site-packages/_pytest/runner.py\", line 240, in <lambda>\n    lambda: runtest_hook(item=item, **kwds), when=when, reraise=reraise\n  File \"/home/ubuntu/github-runner/_work/test-runners-self-hosted-postgresql-operator/test-runners-self-hosted-postgresql-operator/.tox/integration/lib/python3.10/site-packages/pluggy/_hooks.py\", line 501, in __call__\n    return self._hookexec(self.name, self._hookimpls.copy(), kwargs, firstresult)\n  File \"/home/ubuntu/github-runner/_work/test-runners-self-hosted-postgresql-operator/test-runners-self-hosted-postgresql-operator/.tox/integration/lib/python3.10/site-packages/pluggy/_manager.py\", line 119, in _hookexec\n    return self._inner_hookexec(hook_name, methods, kwargs, firstresult)\n  File \"/home/ubuntu/github-runner/_work/test-runners-self-hosted-postgresql-operator/test-runners-self-hosted-postgresql-operator/.tox/integration/lib/python3.10/site-packages/pluggy/_callers.py\", line 181, in _multicall\n    return outcome.get_result()\n  File \"/home/ubuntu/github-runner/_work/test-runners-self-hosted-postgresql-operator/test-runners-self-hosted-postgresql-operator/.tox/integration/lib/python3.10/site-packages/pluggy/_result.py\", line 99, in get_result\n    raise exc.with_traceback(exc.__traceback__)\n  File \"/home/ubuntu/github-runner/_work/test-runners-self-hosted-postgresql-operator/test-runners-self-hosted-postgresql-operator/.tox/integration/lib/python3.10/site-packages/pluggy/_callers.py\", line 166, in _multicall\n    teardown.throw(outcome._exception)\n  File \"/home/ubuntu/github-runner/_work/test-runners-self-hosted-postgresql-operator/test-runners-self-hosted-postgresql-operator/.tox/integration/lib/python3.10/site-packages/_pytest/threadexception.py\", line 87, in pytest_runtest_call\n    yield from thread_exception_runtest_hook()\n  File \"/home/ubuntu/github-runner/_work/test-runners-self-hosted-postgresql-operator/test-runners-self-hosted-postgresql-operator/.tox/integration/lib/python3.10/site-packages/_pytest/threadexception.py\", line 63, in thread_exception_runtest_hook\n    yield\n  File \"/home/ubuntu/github-runner/_work/test-runners-self-hosted-postgresql-operator/test-runners-self-hosted-postgresql-operator/.tox/integration/lib/python3.10/site-packages/pluggy/_callers.py\", line 166, in _multicall\n    teardown.throw(outcome._exception)\n  File \"/home/ubuntu/github-runner/_work/test-runners-self-hosted-postgresql-operator/test-runners-self-hosted-postgresql-operator/.tox/integration/lib/python3.10/site-packages/_pytest/unraisableexception.py\", line 90, in pytest_runtest_call\n    yield from unraisable_exception_runtest_hook()\n  File \"/home/ubuntu/github-runner/_work/test-runners-self-hosted-postgresql-operator/test-runners-self-hosted-postgresql-operator/.tox/integration/lib/python3.10/site-packages/_pytest/unraisableexception.py\", line 65, in unraisable_exception_runtest_hook\n    yield\n  File \"/home/ubuntu/github-runner/_work/test-runners-self-hosted-postgresql-operator/test-runners-self-hosted-postgresql-operator/.tox/integration/lib/python3.10/site-packages/pluggy/_callers.py\", line 166, in _multicall\n    teardown.throw(outcome._exception)\n  File \"/home/ubuntu/github-runner/_work/test-runners-self-hosted-postgresql-operator/test-runners-self-hosted-postgresql-operator/.tox/integration/lib/python3.10/site-packages/_pytest/logging.py\", line 849, in pytest_runtest_call\n    yield from self._runtest_for(item, \"call\")\n  File \"/home/ubuntu/github-runner/_work/test-runners-self-hosted-postgresql-operator/test-runners-self-hosted-postgresql-operator/.tox/integration/lib/python3.10/site-packages/_pytest/logging.py\", line 832, in _runtest_for\n    yield\n  File \"/home/ubuntu/github-runner/_work/test-runners-self-hosted-postgresql-operator/test-runners-self-hosted-postgresql-operator/.tox/integration/lib/python3.10/site-packages/pluggy/_callers.py\", line 166, in _multicall\n    teardown.throw(outcome._exception)\n  File \"/home/ubuntu/github-runner/_work/test-runners-self-hosted-postgresql-operator/test-runners-self-hosted-postgresql-operator/.tox/integration/lib/python3.10/site-packages/_pytest/capture.py\", line 883, in pytest_runtest_call\n    return (yield)\n  File \"/home/ubuntu/github-runner/_work/test-runners-self-hosted-postgresql-operator/test-runners-self-hosted-postgresql-operator/.tox/integration/lib/python3.10/site-packages/pluggy/_callers.py\", line 166, in _multicall\n    teardown.throw(outcome._exception)\n  File \"/home/ubuntu/github-runner/_work/test-runners-self-hosted-postgresql-operator/test-runners-self-hosted-postgresql-operator/.tox/integration/lib/python3.10/site-packages/_pytest/skipping.py\", line 256, in pytest_runtest_call\n    return (yield)\n  File \"/home/ubuntu/github-runner/_work/test-runners-self-hosted-postgresql-operator/test-runners-self-hosted-postgresql-operator/.tox/integration/lib/python3.10/site-packages/pluggy/_callers.py\", line 102, in _multicall\n    res = hook_impl.function(*args)\n  File \"/home/ubuntu/github-runner/_work/test-runners-self-hosted-postgresql-operator/test-runners-self-hosted-postgresql-operator/.tox/integration/lib/python3.10/site-packages/_pytest/runner.py\", line 182, in pytest_runtest_call\n    raise e\n  File \"/home/ubuntu/github-runner/_work/test-runners-self-hosted-postgresql-operator/test-runners-self-hosted-postgresql-operator/.tox/integration/lib/python3.10/site-packages/_pytest/runner.py\", line 172, in pytest_runtest_call\n    item.runtest()\n  File \"/home/ubuntu/github-runner/_work/test-runners-self-hosted-postgresql-operator/test-runners-self-hosted-postgresql-operator/.tox/integration/lib/python3.10/site-packages/_pytest/python.py\", line 1772, in runtest\n    self.ihook.pytest_pyfunc_call(pyfuncitem=self)\n  File \"/home/ubuntu/github-runner/_work/test-runners-self-hosted-postgresql-operator/test-runners-self-hosted-postgresql-operator/.tox/integration/lib/python3.10/site-packages/pluggy/_hooks.py\", line 501, in __call__\n    return self._hookexec(self.name, self._hookimpls.copy(), kwargs, firstresult)\n  File \"/home/ubuntu/github-runner/_work/test-runners-self-hosted-postgresql-operator/test-runners-self-hosted-postgresql-operator/.tox/integration/lib/python3.10/site-packages/pluggy/_manager.py\", line 119, in _hookexec\n    return self._inner_hookexec(hook_name, methods, kwargs, firstresult)\n  File \"/home/ubuntu/github-runner/_work/test-runners-self-hosted-postgresql-operator/test-runners-self-hosted-postgresql-operator/.tox/integration/lib/python3.10/site-packages/pluggy/_callers.py\", line 181, in _multicall\n    return outcome.get_result()\n  File \"/home/ubuntu/github-runner/_work/test-runners-self-hosted-postgresql-operator/test-runners-self-hosted-postgresql-operator/.tox/integration/lib/python3.10/site-packages/pluggy/_result.py\", line 99, in get_result\n    raise exc.with_traceback(exc.__traceback__)\n  File \"/home/ubuntu/github-runner/_work/test-runners-self-hosted-postgresql-operator/test-runners-self-hosted-postgresql-operator/.tox/integration/lib/python3.10/site-packages/pluggy/_callers.py\", line 102, in _multicall\n    res = hook_impl.function(*args)\n  File \"/home/ubuntu/github-runner/_work/test-runners-self-hosted-postgresql-operator/test-runners-self-hosted-postgresql-operator/.tox/integration/lib/python3.10/site-packages/_pytest/python.py\", line 195, in pytest_pyfunc_call\n    result = testfunction(**testargs)\n  File \"/home/ubuntu/github-runner/_work/test-runners-self-hosted-postgresql-operator/test-runners-self-hosted-postgresql-operator/.tox/integration/lib/python3.10/site-packages/pytest_asyncio/plugin.py\", line 532, in inner\n    _loop.run_until_complete(task)\n  File \"/usr/lib/python3.10/asyncio/base_events.py\", line 649, in run_until_complete\n    return future.result()\n  File \"/home/ubuntu/github-runner/_work/test-runners-self-hosted-postgresql-operator/test-runners-self-hosted-postgresql-operator/tests/integration/test_db_admin.py\", line 52, in test_landscape_scalable_bundle_db\n    relation_id = await deploy_and_relate_bundle_with_postgresql(\n  File \"/home/ubuntu/github-runner/_work/test-runners-self-hosted-postgresql-operator/test-runners-self-hosted-postgresql-operator/tests/integration/helpers.py\", line 441, in deploy_and_relate_bundle_with_postgresql\n    await asyncio.gather(*awaits)\n  File \"/home/ubuntu/github-runner/_work/test-runners-self-hosted-postgresql-operator/test-runners-self-hosted-postgresql-operator/.tox/integration/lib/python3.10/site-packages/juju/model.py\", line 2956, in wait_for_idle\n    raise jasyncio.TimeoutError(\"Timed out waiting for model:\\n\" + busy)\nasyncio.exceptions.TimeoutError: Timed out waiting for model:\npostgresql/0 [idle] active: \n  postgresql/1 [idle] active: Primary\n  postgresql/2 [idle] waiting: awaiting for member to start","steps":[],"attachments":[{"uid":"bd31051cd126d30c","name":"log","source":"bd31051cd126d30c.txt","type":"text/plain","size":36530}],"parameters":[],"stepsCount":0,"shouldDisplayMessage":true,"attachmentsCount":1,"hasContent":true,"attachmentStep":false},"afterStages":[{"name":"abort_on_fail::0","time":{"start":1712974460777,"stop":1712974460778,"duration":1},"status":"passed","steps":[],"attachments":[],"parameters":[],"stepsCount":0,"shouldDisplayMessage":false,"attachmentsCount":0,"hasContent":false,"attachmentStep":false},{"name":"charm::finalizer","time":{"start":1712974460780,"stop":1712974460780,"duration":0},"status":"passed","steps":[],"attachments":[],"parameters":[],"stepsCount":0,"shouldDisplayMessage":false,"attachmentsCount":0,"hasContent":false,"attachmentStep":false},{"name":"ops_test::finalizer","time":{"start":1712974460781,"stop":1712974461638,"duration":857},"status":"passed","steps":[],"attachments":[],"parameters":[],"stepsCount":0,"shouldDisplayMessage":false,"attachmentsCount":0,"hasContent":false,"attachmentStep":false},{"name":"event_loop::2","time":{"start":1712974461640,"stop":1712974461641,"duration":1},"status":"passed","steps":[],"attachments":[],"parameters":[],"stepsCount":0,"shouldDisplayMessage":false,"attachmentsCount":0,"hasContent":false,"attachmentStep":false},{"name":"event_loop::_close_event_loop","time":{"start":1712974461641,"stop":1712974461642,"duration":1},"status":"passed","steps":[],"attachments":[],"parameters":[],"stepsCount":0,"shouldDisplayMessage":false,"attachmentsCount":0,"hasContent":false,"attachmentStep":false},{"name":"event_loop::_provide_clean_event_loop","time":{"start":1712974461642,"stop":1712974461643,"duration":1},"status":"passed","steps":[],"attachments":[],"parameters":[],"stepsCount":0,"shouldDisplayMessage":false,"attachmentsCount":0,"hasContent":false,"attachmentStep":false}],"labels":[{"name":"tag","value":"group(1)"},{"name":"tag","value":"runner(['self-hosted', 'linux', 'X64', 'jammy', 'large'])"},{"name":"tag","value":"asyncio"},{"name":"parentSuite","value":"tests.integration"},{"name":"suite","value":"test_db_admin"},{"name":"host","value":"large-427-67886490ca48ac79d886be6e"},{"name":"thread","value":"10154-MainThread"},{"name":"framework","value":"pytest"},{"name":"language","value":"cpython3"},{"name":"package","value":"tests.integration.test_db_admin"},{"name":"resultFormat","value":"allure2"}],"parameters":[],"links":[],"hidden":false,"retry":false,"extra":{"severity":"normal","retries":[],"categories":[{"name":"Test defects","matchedStatuses":[],"flaky":false}],"history":{"statistic":{"failed":0,"broken":2,"skipped":0,"passed":0,"unknown":0,"total":2},"items":[{"uid":"74cc47bc3db810e7","reportUrl":"../2//#testresult/74cc47bc3db810e7","status":"broken","statusDetails":"asyncio.exceptions.TimeoutError: Timed out waiting for model:\npostgresql/0 [idle] active: Primary\n  postgresql/1 [idle] waiting: awaiting for member to start\n  postgresql/2 [idle] active:","time":{"start":1712885333213,"stop":1712888362649,"duration":3029436}}]},"tags":["runner(['self-hosted', 'linux', 'X64', 'jammy', 'large'])","asyncio","group(1)"]},"source":"9eadf5a9f68921d2.json","parameterValues":[]}